RCSTM8 COMPILER V2.28.10.092,  ITOA               05/14/19  16:28:51

QCW(0x009638A0)

RCSTM8 COMPILER V2.28.10.092, COMPILATION OF MODULE ITOA      
OBJECT MODULE PLACED IN Debug\itoa.o
COMPILER INVOKED BY: OBJECT(Debug\itoa.o) PIN(C:\Program Files (x86)\Raisonance\Ride\inc\STM8) PIN(C:\Program Files (x86)\Raisonance\Ride\inc\ST7) PIN(C:\Program Files (x86)\Raisonance\Ride\inc) DGC(page0) AUTO WRV(0) PR(Debug\itoa.lst) CD CO SB OT(0) DEBUG STM8(SMALL) 

stmt level    source
   1          #include <string.h>
   2          #include "global.h"
   3          
   4          void itoa(int n, char s[]);
   5          void dwtoa(DWORD n, char s[]);
   6          void reverse(char s[]);
   7          
   8           void itoa(int n, char s[])
   9           {
  10   1           int i, sign;
  11   1       
  12   1           if ((sign = n) < 0)  /* записываем знак */
  13   1               n = -n;          /* делаем n положительным числом */
  14   1           i = 0;
  15   1           do {       /* генерируем цифры в обратном порядке */
  16   2               s[i++] = n % 10 + '0';   /* берем следующую цифру */
  17   2           } while ((n /= 10) > 0);     /* удаляем */
  18   1           if (sign < 0)
  19   1               s[i++] = '-';
  20   1           s[i] = '\0';
  21   1           reverse(s);
  22   1       }
  23           
  24           void dwtoa(DWORD n, char s[])
  25           {
  26   1           int i;
  27   1       
  28   1           i = 0;
  29   1           do {       /* генерируем цифры в обратном порядке */
  30   2               s[i++] = n % 10 + '0';   /* берем следующую цифру */
  31   2           } while ((n /= 10) > 0);     /* удаляем */
  32   1           
  33   1           s[i] = '\0';
  34   1           reverse(s);
  35   1       }
  36           
  37           /* reverse:  переворачиваем строку s на месте */
  38           void reverse(char s[])
  39           {
  40   1           int i, j;
  41   1           char c;
  42   1       
  43   1           for (i = 0, j = strlen(s)-1; i<j; i++, j--) {
  44   2               c = s[i];
  45   2               s[i] = s[j];
  46   2               s[j] = c;
  47   2           }
  48   1       }
RCSTM8 COMPILER V2.28.10.092
ASSEMBLY LISTING OF GENERATED OBJECT CODE

              ; FUNCTION ?itoa (BEGIN)
              ; Register-parameter n (XW) is relocated (auto)
              ; SOURCE LINE # 8 
0000 89                                PUSHW  X
0001 5204                              SUB    SP,#004H
              ; SOURCE LINE # 12 
0003 1E05       F                      LDW    X,(005H,SP)   ; [ n ]
0005 1F03       F                      LDW    (003H,SP),X   ; [ sign ]
0007 7B03       F                      LD     A,(003H,SP)   ; [ sign ]
0009 4D                                TNZ    A
000A 2A05                              JRPL   ?NXT_0003
              ; SOURCE LINE # 13 
000C 1E05       F                      LDW    X,(005H,SP)   ; [ n ]
000E 50                                NEGW   X
000F 1F05       F                      LDW    (005H,SP),X   ; [ n ]
0011         ?NXT_0003:
              ; SOURCE LINE # 14 
0011 AE0000                            LDW    X,#00000H
0014 1F01       F                      LDW    (001H,SP),X   ; [ i ]
0016         ?DO_0001:
              ; SOURCE LINE # 16 
0016 90AE000A                          LDW    Y,#0000AH
001A 1E05       F                      LDW    X,(005H,SP)   ; [ n ]
001C CD0000     F                      CALL   ?C?divs1616
001F 909F                              LD     A,YL
0021 AB30                              ADD    A,#030H
0023 1E01       F                      LDW    X,(001H,SP)   ; [ i ]
0025 5C                                INCW   X
0026 1F01       F                      LDW    (001H,SP),X   ; [ i ]
0028 5A                                DECW   X
0029 72FB09     F                      ADDW   X,(009H,SP)   ; [ s ]
002C F7                                LD     (X),A
002D         ?TEST_0001:
002D 1E05       F                      LDW    X,(005H,SP)   ; [ n ]
002F 90AE000A                          LDW    Y,#0000AH
0033 CD0000     F                      CALL   ?C?divs1616
0036 1F05       F                      LDW    (005H,SP),X   ; [ n ]
0038 AE0000                            LDW    X,#00000H
003B 1305       F                      CPW    X,(005H,SP)   ; [ n ]
003D 2FD7                              JRSLT  ?DO_0001
003F         ?NXT_0004:
              ; SOURCE LINE # 18 
003F 7B03       F                      LD     A,(003H,SP)   ; [ sign ]
0041 4D                                TNZ    A
0042 2A0C                              JRPL   ?NXT_0005
              ; SOURCE LINE # 19 
0044 1E01       F                      LDW    X,(001H,SP)   ; [ i ]
0046 5C                                INCW   X
0047 1F01       F                      LDW    (001H,SP),X   ; [ i ]
0049 5A                                DECW   X
004A 72FB09     F                      ADDW   X,(009H,SP)   ; [ s ]
004D A62D                              LD     A,#02DH
004F F7                                LD     (X),A
0050         ?NXT_0005:
              ; SOURCE LINE # 20 
0050 1E09       F                      LDW    X,(009H,SP)   ; [ s ]
0052 72FB01     F                      ADDW   X,(001H,SP)   ; [ i ]
0055 A600                              LD     A,#000H
0057 F7                                LD     (X),A
              ; SOURCE LINE # 21 
0058 1E09       F                      LDW    X,(009H,SP)   ; [ s ]
005A CD0000     F                      CALL   ?reverse
005D         ?EPILOG_0000:
005D 5B06                              ADD    SP,#006H
005F 81                                RET    
              ; n            short  (size=2-Alg).  parameter in AUTO
              ; s            pointer to (unsigned char   in )(size=2).  parameter in AUTO
              ; i            short  (size=2-Alg). Automatic variable  in AUTO
              ; sign         short  (size=2-Alg). Automatic variable  in AUTO

              ; FUNCTION ?itoa (END)

              ; FUNCTION ?dwtoa (BEGIN)
              ; SOURCE LINE # 24 
0000 89                                PUSHW  X
              ; SOURCE LINE # 28 
0001 AE0000                            LDW    X,#00000H
0004 1F01       F                      LDW    (001H,SP),X   ; [ i ]
0006         ?DO_0003:
              ; SOURCE LINE # 30 
0006 CD0000     F DNF            M(04)  CALL  ?C?mv4_pg2sk1
0009         ?DATASTART_0002:
0009 0A                             M  DB     00AH
000A         ?DATAEND_0002:
000A A608       F                      LD     A,#008H
000C CD0000     F DNF                  CALL   ?C?mv4_isa2bc
000F CD0000     F DNF                  CALL   ?C?modu3232
0012 A630                              LD     A,#030H
0014 BB06       F                      ADD    A,?CL
0016 1E01       F                      LDW    X,(001H,SP)   ; [ i ]
0018 5C                                INCW   X
0019 1F01       F                      LDW    (001H,SP),X   ; [ i ]
001B 5A                                DECW   X
001C 72FB09     F                      ADDW   X,(009H,SP)   ; [ s ]
001F F7                                LD     (X),A
0020         ?TEST_0003:
0020 1E07       F                      LDW    X,(007H,SP)   ; [ n + 02H ]
0022 89                                PUSHW  X
0023 1E07       F                      LDW    X,(007H,SP)   ; [ n ]
0025 89                                PUSHW  X
0026 CD0000     F DNF            M(04)  CALL  ?C?mv4_pg2bc1
0029         ?DATASTART_0003:
0029 0A                             M  DB     00AH
002A         ?DATAEND_0003:
002A CD0000     F                      CALL   ?C?swap_skbc
002D CD0000     F DNF                  CALL   ?C?divu3232
0030 A604       F                      LD     A,#004H
0032 CD0000     F                      CALL   ?C?mv4_bc2isa
0035 CD0000     F                      CALL   ?C?mv4_null2bc
0038 96           DNF                  LDW    X,SP
0039 1C0005     F                      ADDW   X,#00005H
003C CD0000     F                      CALL   ?C?cpu3232ix
003F 25C5                              JRULT  ?DO_0003
0041         ?NXT_0007:
              ; SOURCE LINE # 33 
0041 1E09       F                      LDW    X,(009H,SP)   ; [ s ]
0043 72FB01     F                      ADDW   X,(001H,SP)   ; [ i ]
0046 A600                              LD     A,#000H
0048 F7                                LD     (X),A
              ; SOURCE LINE # 34 
0049 1E09       F                      LDW    X,(009H,SP)   ; [ s ]
004B CD0000     F                      CALL   ?reverse
004E         ?EPILOG_0001:
004E 85                                POPW   X
004F 81                                RET    
              ; n            unsigned long  (size=4-Alg).  parameter in AUTO
              ; s            pointer to (unsigned char   in )(size=2).  parameter in AUTO
              ; i            short  (size=2-Alg). Automatic variable  in AUTO

              ; FUNCTION ?dwtoa (END)

              ; FUNCTION ?reverse (BEGIN)
              ; Register-parameter s (XW) is relocated (auto)
              ; SOURCE LINE # 38 
0000 89                                PUSHW  X
0001 5205                              SUB    SP,#005H
              ; SOURCE LINE # 43 
0003 AE0000                            LDW    X,#00000H
0006 1F01       F                      LDW    (001H,SP),X   ; [ i ]
0008 1E06       F                      LDW    X,(006H,SP)   ; [ s ]
000A CD0000     F                      CALL   ?strlen
000D 1CFFFF                            ADDW   X,#0FFFFH
0010 1F03       F                      LDW    (003H,SP),X   ; [ j ]
0012         ?FOR_0001:
0012 1E01       F                      LDW    X,(001H,SP)   ; [ i ]
0014 1303       F                      CPW    X,(003H,SP)   ; [ j ]
0016 2E2C                              JRSGE  ?NXT_0010
              ; SOURCE LINE # 44 
0018 1E06       F                      LDW    X,(006H,SP)   ; [ s ]
001A 72FB01     F                      ADDW   X,(001H,SP)   ; [ i ]
001D F6                                LD     A,(X)
001E 6B05       F                      LD     (005H,SP),A   ; [ c ]
              ; SOURCE LINE # 45 
0020 1E06       F                      LDW    X,(006H,SP)   ; [ s ]
0022 72FB03     F                      ADDW   X,(003H,SP)   ; [ j ]
0025 F6                                LD     A,(X)
0026 88                                PUSH   A
0027 1E07       F                      LDW    X,(007H,SP)   ; [ s ]
0029 72FB02     F                      ADDW   X,(002H,SP)   ; [ i ]
002C 84                                POP    A
002D F7                                LD     (X),A
              ; SOURCE LINE # 46 
002E 1E06       F                      LDW    X,(006H,SP)   ; [ s ]
0030 72FB03     F                      ADDW   X,(003H,SP)   ; [ j ]
0033 7B05       F                      LD     A,(005H,SP)   ; [ c ]
0035 F7                                LD     (X),A
0036         ?NXT_0011:
              ; SOURCE LINE # 43 
0036 1E01       F                      LDW    X,(001H,SP)   ; [ i ]
0038 5C                                INCW   X
0039 1F01       F                      LDW    (001H,SP),X   ; [ i ]
003B 5A                                DECW   X
003C 1E03       F                      LDW    X,(003H,SP)   ; [ j ]
003E 5A                                DECW   X
003F 1F03       F                      LDW    (003H,SP),X   ; [ j ]
0041 5C                                INCW   X
0042 20CE                              JRA    ?FOR_0001
0044         ?NXT_0010:

0044         ?EPILOG_0002:
0044 5B07                              ADD    SP,#007H
0046 81                                RET    
              ; s            pointer to (unsigned char   in )(size=2).  parameter in AUTO
              ; i            short  (size=2-Alg). Automatic variable  in AUTO
              ; j            short  (size=2-Alg). Automatic variable  in AUTO
              ; c            unsigned char  (size=1). Automatic variable  in AUTO

              ; FUNCTION ?reverse (END)

RCSTM8 COMPILER V2.28.10.092
NAME                                    CLASS   MSPACE  TYPE    OFFSET  SIZE
====                                    =====   ======  ====    ======  ====

size_t . . . . . . . . . . . . . . . .  TYPEDEF ------- U_CHAR  -------     2
fmemcpy. . . . . . . . . . . . . . . .  EXTERN  CODE    PROC    ------- -----
lstrlen. . . . . . . . . . . . . . . .  EXTERN  CODE    PROC    ------- -----
lmemcpy. . . . . . . . . . . . . . . .  EXTERN  CODE    PROC    ------- -----
lmemset. . . . . . . . . . . . . . . .  EXTERN  CODE    PROC    ------- -----
memccpy. . . . . . . . . . . . . . . .  EXTERN  CODE    PROC    ------- -----
memchr . . . . . . . . . . . . . . . .  EXTERN  CODE    PROC    ------- -----
memcmp . . . . . . . . . . . . . . . .  EXTERN  CODE    PROC    ------- -----
memcpy . . . . . . . . . . . . . . . .  EXTERN  CODE    PROC    ------- -----
memmove. . . . . . . . . . . . . . . .  EXTERN  CODE    PROC    ------- -----
memset . . . . . . . . . . . . . . . .  EXTERN  CODE    PROC    ------- -----
strcat . . . . . . . . . . . . . . . .  EXTERN  CODE    PROC    ------- -----
strchr . . . . . . . . . . . . . . . .  EXTERN  CODE    PROC    ------- -----
strcmp . . . . . . . . . . . . . . . .  EXTERN  CODE    PROC    ------- -----
strcpy . . . . . . . . . . . . . . . .  EXTERN  CODE    PROC    ------- -----
strcspn. . . . . . . . . . . . . . . .  EXTERN  CODE    PROC    ------- -----
strlen . . . . . . . . . . . . . . . .  EXTERN  CODE    PROC    ------- -----
strncat. . . . . . . . . . . . . . . .  EXTERN  CODE    PROC    ------- -----
strncmp. . . . . . . . . . . . . . . .  EXTERN  CODE    PROC    ------- -----
strncpy. . . . . . . . . . . . . . . .  EXTERN  CODE    PROC    ------- -----
strpbrk. . . . . . . . . . . . . . . .  EXTERN  CODE    PROC    ------- -----
strpos . . . . . . . . . . . . . . . .  EXTERN  CODE    PROC    ------- -----
strrchr. . . . . . . . . . . . . . . .  EXTERN  CODE    PROC    ------- -----
strrpos. . . . . . . . . . . . . . . .  EXTERN  CODE    PROC    ------- -----
strspn . . . . . . . . . . . . . . . .  EXTERN  CODE    PROC    ------- -----
strstr . . . . . . . . . . . . . . . .  EXTERN  CODE    PROC    ------- -----
strtok . . . . . . . . . . . . . . . .  EXTERN  CODE    PROC    ------- -----
strxfrm. . . . . . . . . . . . . . . .  EXTERN  CODE    PROC    ------- -----
PA_ODR . . . . . . . . . . . . . . . .  HREG     hreg    U_CHAR  005000H 1      
PA_IDR . . . . . . . . . . . . . . . .  HREG     hreg    U_CHAR  005001H 1      
PA_DDR . . . . . . . . . . . . . . . .  HREG     hreg    U_CHAR  005002H 1      
PA_CR1 . . . . . . . . . . . . . . . .  HREG     hreg    U_CHAR  005003H 1      
PA_CR2 . . . . . . . . . . . . . . . .  HREG     hreg    U_CHAR  005004H 1      
PB_ODR . . . . . . . . . . . . . . . .  HREG     hreg    U_CHAR  005005H 1      
PB_IDR . . . . . . . . . . . . . . . .  HREG     hreg    U_CHAR  005006H 1      
PB_DDR . . . . . . . . . . . . . . . .  HREG     hreg    U_CHAR  005007H 1      
PB_CR1 . . . . . . . . . . . . . . . .  HREG     hreg    U_CHAR  005008H 1      
PB_CR2 . . . . . . . . . . . . . . . .  HREG     hreg    U_CHAR  005009H 1      
PC_ODR . . . . . . . . . . . . . . . .  HREG     hreg    U_CHAR  00500AH 1      
PC_IDR . . . . . . . . . . . . . . . .  HREG     hreg    U_CHAR  00500BH 1      
PC_DDR . . . . . . . . . . . . . . . .  HREG     hreg    U_CHAR  00500CH 1      
PC_CR1 . . . . . . . . . . . . . . . .  HREG     hreg    U_CHAR  00500DH 1      
PC_CR2 . . . . . . . . . . . . . . . .  HREG     hreg    U_CHAR  00500EH 1      
PD_ODR . . . . . . . . . . . . . . . .  HREG     hreg    U_CHAR  00500FH 1      
PD_IDR . . . . . . . . . . . . . . . .  HREG     hreg    U_CHAR  005010H 1      
PD_DDR . . . . . . . . . . . . . . . .  HREG     hreg    U_CHAR  005011H 1      
PD_CR1 . . . . . . . . . . . . . . . .  HREG     hreg    U_CHAR  005012H 1      
PD_CR2 . . . . . . . . . . . . . . . .  HREG     hreg    U_CHAR  005013H 1      
PE_ODR . . . . . . . . . . . . . . . .  HREG     hreg    U_CHAR  005014H 1      
PE_IDR . . . . . . . . . . . . . . . .  HREG     hreg    U_CHAR  005015H 1      
PE_DDR . . . . . . . . . . . . . . . .  HREG     hreg    U_CHAR  005016H 1      
PE_CR1 . . . . . . . . . . . . . . . .  HREG     hreg    U_CHAR  005017H 1      
PE_CR2 . . . . . . . . . . . . . . . .  HREG     hreg    U_CHAR  005018H 1      
PF_ODR . . . . . . . . . . . . . . . .  HREG     hreg    U_CHAR  005019H 1      
PF_IDR . . . . . . . . . . . . . . . .  HREG     hreg    U_CHAR  00501AH 1      
PF_DDR . . . . . . . . . . . . . . . .  HREG     hreg    U_CHAR  00501BH 1      
PF_CR1 . . . . . . . . . . . . . . . .  HREG     hreg    U_CHAR  00501CH 1      
PF_CR2 . . . . . . . . . . . . . . . .  HREG     hreg    U_CHAR  00501DH 1      
FLASH_CR1. . . . . . . . . . . . . . .  HREG     hreg    U_CHAR  005050H 1      
FLASH_CR2. . . . . . . . . . . . . . .  HREG     hreg    U_CHAR  005051H 1      
FLASH_PUKR . . . . . . . . . . . . . .  HREG     hreg    U_CHAR  005052H 1      
FLASH_DUKR . . . . . . . . . . . . . .  HREG     hreg    U_CHAR  005053H 1      
FLASH_IAPSR. . . . . . . . . . . . . .  HREG     hreg    U_CHAR  005054H 1      
DMA1_GCSR. . . . . . . . . . . . . . .  HREG     hreg    U_CHAR  005070H 1      
DMA1_GIR1. . . . . . . . . . . . . . .  HREG     hreg    U_CHAR  005071H 1      
DMA1_C0CR. . . . . . . . . . . . . . .  HREG     hreg    U_CHAR  005075H 1      
DMA1_C0SPR . . . . . . . . . . . . . .  HREG     hreg    U_CHAR  005076H 1      
DMA1_C0NDTR. . . . . . . . . . . . . .  HREG     hreg    U_CHAR  005077H 1      
DMA1_C0PAR . . . . . . . . . . . . . .  HREG16   hreg16  U_INT   005078H 2      
DMA1_C0PARH. . . . . . . . . . . . . .  HREG     hreg    U_CHAR  005078H 1      
DMA1_C0PARL. . . . . . . . . . . . . .  HREG     hreg    U_CHAR  005079H 1      
DMA1_C0M0AR. . . . . . . . . . . . . .  HREG16   hreg16  U_INT   00507BH 2      
DMA1_C0M0ARH . . . . . . . . . . . . .  HREG     hreg    U_CHAR  00507BH 1      
DMA1_C0M0ARL . . . . . . . . . . . . .  HREG     hreg    U_CHAR  00507CH 1      
DMA1_C1CR. . . . . . . . . . . . . . .  HREG     hreg    U_CHAR  00507FH 1      
DMA1_C1SPR . . . . . . . . . . . . . .  HREG     hreg    U_CHAR  005080H 1      
DMA1_C1NDTR. . . . . . . . . . . . . .  HREG     hreg    U_CHAR  005081H 1      
DMA1_C1PAR . . . . . . . . . . . . . .  HREG16   hreg16  U_INT   005082H 2      
DMA1_C1PARH. . . . . . . . . . . . . .  HREG     hreg    U_CHAR  005082H 1      
DMA1_C1PARL. . . . . . . . . . . . . .  HREG     hreg    U_CHAR  005083H 1      
DMA1_C1M0AR. . . . . . . . . . . . . .  HREG16   hreg16  U_INT   005085H 2      
DMA1_C1M0ARH . . . . . . . . . . . . .  HREG     hreg    U_CHAR  005085H 1      
DMA1_C1M0ARL . . . . . . . . . . . . .  HREG     hreg    U_CHAR  005086H 1      
DMA1_C2CR. . . . . . . . . . . . . . .  HREG     hreg    U_CHAR  005089H 1      
DMA1_C2SPR . . . . . . . . . . . . . .  HREG     hreg    U_CHAR  00508AH 1      
DMA1_C2NDTR. . . . . . . . . . . . . .  HREG     hreg    U_CHAR  00508BH 1      
DMA1_C2PAR . . . . . . . . . . . . . .  HREG16   hreg16  U_INT   00508CH 2      
DMA1_C2PARH. . . . . . . . . . . . . .  HREG     hreg    U_CHAR  00508CH 1      
DMA1_C2PARL. . . . . . . . . . . . . .  HREG     hreg    U_CHAR  00508DH 1      
DMA1_C2M0AR. . . . . . . . . . . . . .  HREG16   hreg16  U_INT   00508FH 2      
DMA1_C2M0ARH . . . . . . . . . . . . .  HREG     hreg    U_CHAR  00508FH 1      
DMA1_C2M0ARL . . . . . . . . . . . . .  HREG     hreg    U_CHAR  005090H 1      
DMA1_C3CR. . . . . . . . . . . . . . .  HREG     hreg    U_CHAR  005093H 1      
DMA1_C3SPR . . . . . . . . . . . . . .  HREG     hreg    U_CHAR  005094H 1      
DMA1_C3NDTR. . . . . . . . . . . . . .  HREG     hreg    U_CHAR  005095H 1      
DMA1_C3PAR_C3M1AR. . . . . . . . . . .  HREG16   hreg16  U_INT   005096H 2      
DMA1_C3PARH_C3M1ARH. . . . . . . . . .  HREG     hreg    U_CHAR  005096H 1      
DMA1_C3PARL_C3M1ARL. . . . . . . . . .  HREG     hreg    U_CHAR  005097H 1      
DMA1_C3M0AR. . . . . . . . . . . . . .  HREG16   hreg16  U_INT   005099H 2      
DMA1_C3M0ARH . . . . . . . . . . . . .  HREG     hreg    U_CHAR  005099H 1      
DMA1_C3M0ARL . . . . . . . . . . . . .  HREG     hreg    U_CHAR  00509AH 1      
SYSCFG_RMPCR1. . . . . . . . . . . . .  HREG     hreg    U_CHAR  00509EH 1      
SYSCFG_RMPCR2. . . . . . . . . . . . .  HREG     hreg    U_CHAR  00509FH 1      
EXTI_CR1 . . . . . . . . . . . . . . .  HREG     hreg    U_CHAR  0050A0H 1      
EXTI_CR2 . . . . . . . . . . . . . . .  HREG     hreg    U_CHAR  0050A1H 1      
EXTI_CR3 . . . . . . . . . . . . . . .  HREG     hreg    U_CHAR  0050A2H 1      
EXTI_SR1 . . . . . . . . . . . . . . .  HREG     hreg    U_CHAR  0050A3H 1      
EXTI_SR2 . . . . . . . . . . . . . . .  HREG     hreg    U_CHAR  0050A4H 1      
EXTI_CONF. . . . . . . . . . . . . . .  HREG     hreg    U_CHAR  0050A5H 1      
WFE_CR1. . . . . . . . . . . . . . . .  HREG     hreg    U_CHAR  0050A6H 1      
WFE_CR2. . . . . . . . . . . . . . . .  HREG     hreg    U_CHAR  0050A7H 1      
WFE_CR3. . . . . . . . . . . . . . . .  HREG     hreg    U_CHAR  0050A8H 1      
RST_CR . . . . . . . . . . . . . . . .  HREG     hreg    U_CHAR  0050B0H 1      
RST_SR . . . . . . . . . . . . . . . .  HREG     hreg    U_CHAR  0050B1H 1      
PWR_CSR1 . . . . . . . . . . . . . . .  HREG     hreg    U_CHAR  0050B2H 1      
PWR_CSR2 . . . . . . . . . . . . . . .  HREG     hreg    U_CHAR  0050B3H 1      
CLK_CKDIVR . . . . . . . . . . . . . .  HREG     hreg    U_CHAR  0050C0H 1      
CLK_CRTCR. . . . . . . . . . . . . . .  HREG     hreg    U_CHAR  0050C1H 1      
CLK_ICKCR. . . . . . . . . . . . . . .  HREG     hreg    U_CHAR  0050C2H 1      
CLK_PCKENR1. . . . . . . . . . . . . .  HREG     hreg    U_CHAR  0050C3H 1      
CLK_PCKENR2. . . . . . . . . . . . . .  HREG     hreg    U_CHAR  0050C4H 1      
CLK_CCOR . . . . . . . . . . . . . . .  HREG     hreg    U_CHAR  0050C5H 1      
CLK_ECKCR. . . . . . . . . . . . . . .  HREG     hreg    U_CHAR  0050C6H 1      
CLK_SCSR . . . . . . . . . . . . . . .  HREG     hreg    U_CHAR  0050C7H 1      
CLK_SWR. . . . . . . . . . . . . . . .  HREG     hreg    U_CHAR  0050C8H 1      
CLK_SWCR . . . . . . . . . . . . . . .  HREG     hreg    U_CHAR  0050C9H 1      
CLK_CSSR . . . . . . . . . . . . . . .  HREG     hreg    U_CHAR  0050CAH 1      
CLK_CBEEPR . . . . . . . . . . . . . .  HREG     hreg    U_CHAR  0050CBH 1      
CLK_HSICALR. . . . . . . . . . . . . .  HREG     hreg    U_CHAR  0050CCH 1      
CLK_HSITRIMR . . . . . . . . . . . . .  HREG     hreg    U_CHAR  0050CDH 1      
CLK_HSIUNLCKR. . . . . . . . . . . . .  HREG     hreg    U_CHAR  0050CEH 1      
CLK_REGCSR . . . . . . . . . . . . . .  HREG     hreg    U_CHAR  0050CFH 1      
WWDG_CR. . . . . . . . . . . . . . . .  HREG     hreg    U_CHAR  0050D3H 1      
WWDG_WR. . . . . . . . . . . . . . . .  HREG     hreg    U_CHAR  0050D4H 1      
IWDG_KR. . . . . . . . . . . . . . . .  HREG     hreg    U_CHAR  0050E0H 1      
IWDG_PR. . . . . . . . . . . . . . . .  HREG     hreg    U_CHAR  0050E1H 1      
IWDG_RLR . . . . . . . . . . . . . . .  HREG     hreg    U_CHAR  0050E2H 1      
BEEP_CSR1. . . . . . . . . . . . . . .  HREG     hreg    U_CHAR  0050F0H 1      
BEEP_CSR2. . . . . . . . . . . . . . .  HREG     hreg    U_CHAR  0050F3H 1      
RTC_TR1. . . . . . . . . . . . . . . .  HREG     hreg    U_CHAR  005140H 1      
RTC_TR2. . . . . . . . . . . . . . . .  HREG     hreg    U_CHAR  005141H 1      
RTC_TR3. . . . . . . . . . . . . . . .  HREG     hreg    U_CHAR  005142H 1      
RTC_DR1. . . . . . . . . . . . . . . .  HREG     hreg    U_CHAR  005144H 1      
RTC_DR2. . . . . . . . . . . . . . . .  HREG     hreg    U_CHAR  005145H 1      
RTC_DR3. . . . . . . . . . . . . . . .  HREG     hreg    U_CHAR  005146H 1      
RTC_CR1. . . . . . . . . . . . . . . .  HREG     hreg    U_CHAR  005148H 1      
RTC_CR2. . . . . . . . . . . . . . . .  HREG     hreg    U_CHAR  005149H 1      
RTC_CR3. . . . . . . . . . . . . . . .  HREG     hreg    U_CHAR  00514AH 1      
RTC_ISR1 . . . . . . . . . . . . . . .  HREG     hreg    U_CHAR  00514CH 1      
RTC_ISR2 . . . . . . . . . . . . . . .  HREG     hreg    U_CHAR  00514DH 1      
RTC_SPRER. . . . . . . . . . . . . . .  HREG16   hreg16  U_INT   005150H 2      
RTC_SPRERH . . . . . . . . . . . . . .  HREG     hreg    U_CHAR  005150H 1      
RTC_SPRERL . . . . . . . . . . . . . .  HREG     hreg    U_CHAR  005151H 1      
RTC_APRER. . . . . . . . . . . . . . .  HREG     hreg    U_CHAR  005152H 1      
RTC_WUTR . . . . . . . . . . . . . . .  HREG16   hreg16  U_INT   005154H 2      
RTC_WUTRH. . . . . . . . . . . . . . .  HREG     hreg    U_CHAR  005154H 1      
RTC_WUTRL. . . . . . . . . . . . . . .  HREG     hreg    U_CHAR  005155H 1      
RTC_WPR. . . . . . . . . . . . . . . .  HREG     hreg    U_CHAR  005159H 1      
RTC_ALRMAR1. . . . . . . . . . . . . .  HREG     hreg    U_CHAR  00515CH 1      
RTC_ALRMAR2. . . . . . . . . . . . . .  HREG     hreg    U_CHAR  00515DH 1      
RTC_ALRMAR3. . . . . . . . . . . . . .  HREG     hreg    U_CHAR  00515EH 1      
RTC_ALRMAR4. . . . . . . . . . . . . .  HREG     hreg    U_CHAR  00515FH 1      
SPI1_CR1 . . . . . . . . . . . . . . .  HREG     hreg    U_CHAR  005200H 1      
SPI1_CR2 . . . . . . . . . . . . . . .  HREG     hreg    U_CHAR  005201H 1      
SPI1_ICR . . . . . . . . . . . . . . .  HREG     hreg    U_CHAR  005202H 1      
SPI1_SR. . . . . . . . . . . . . . . .  HREG     hreg    U_CHAR  005203H 1      
SPI1_DR. . . . . . . . . . . . . . . .  HREG     hreg    U_CHAR  005204H 1      
SPI1_CRCPR . . . . . . . . . . . . . .  HREG     hreg    U_CHAR  005205H 1      
SPI1_RXCRCR. . . . . . . . . . . . . .  HREG     hreg    U_CHAR  005206H 1      
SPI1_TXCRCR. . . . . . . . . . . . . .  HREG     hreg    U_CHAR  005207H 1      
I2C1_CR1 . . . . . . . . . . . . . . .  HREG     hreg    U_CHAR  005210H 1      
I2C1_CR2 . . . . . . . . . . . . . . .  HREG     hreg    U_CHAR  005211H 1      
I2C1_FREQR . . . . . . . . . . . . . .  HREG     hreg    U_CHAR  005212H 1      
I2C1_OARL. . . . . . . . . . . . . . .  HREG     hreg    U_CHAR  005213H 1      
I2C1_OARH. . . . . . . . . . . . . . .  HREG     hreg    U_CHAR  005214H 1      
I2C1_DR. . . . . . . . . . . . . . . .  HREG     hreg    U_CHAR  005216H 1      
I2C1_SR1 . . . . . . . . . . . . . . .  HREG     hreg    U_CHAR  005217H 1      
I2C1_SR2 . . . . . . . . . . . . . . .  HREG     hreg    U_CHAR  005218H 1      
I2C1_SR3 . . . . . . . . . . . . . . .  HREG     hreg    U_CHAR  005219H 1      
I2C1_ITR . . . . . . . . . . . . . . .  HREG     hreg    U_CHAR  00521AH 1      
I2C1_CCRL. . . . . . . . . . . . . . .  HREG     hreg    U_CHAR  00521BH 1      
I2C1_CCRH. . . . . . . . . . . . . . .  HREG     hreg    U_CHAR  00521CH 1      
I2C1_TRISER. . . . . . . . . . . . . .  HREG     hreg    U_CHAR  00521DH 1      
I2C1_PECR. . . . . . . . . . . . . . .  HREG     hreg    U_CHAR  00521EH 1      
USART1_SR. . . . . . . . . . . . . . .  HREG     hreg    U_CHAR  005230H 1      
USART1_DR. . . . . . . . . . . . . . .  HREG     hreg    U_CHAR  005231H 1      
USART1_BRR1. . . . . . . . . . . . . .  HREG     hreg    U_CHAR  005232H 1      
USART1_BRR2. . . . . . . . . . . . . .  HREG     hreg    U_CHAR  005233H 1      
USART1_CR1 . . . . . . . . . . . . . .  HREG     hreg    U_CHAR  005234H 1      
USART1_CR2 . . . . . . . . . . . . . .  HREG     hreg    U_CHAR  005235H 1      
USART1_CR3 . . . . . . . . . . . . . .  HREG     hreg    U_CHAR  005236H 1      
USART1_CR4 . . . . . . . . . . . . . .  HREG     hreg    U_CHAR  005237H 1      
USART1_CR5 . . . . . . . . . . . . . .  HREG     hreg    U_CHAR  005238H 1      
USART1_GTR . . . . . . . . . . . . . .  HREG     hreg    U_CHAR  005239H 1      
USART1_PSCR. . . . . . . . . . . . . .  HREG     hreg    U_CHAR  00523AH 1      
TIM2_CR1 . . . . . . . . . . . . . . .  HREG     hreg    U_CHAR  005250H 1      
TIM2_CR2 . . . . . . . . . . . . . . .  HREG     hreg    U_CHAR  005251H 1      
TIM2_SMCR. . . . . . . . . . . . . . .  HREG     hreg    U_CHAR  005252H 1      
TIM2_ETR . . . . . . . . . . . . . . .  HREG     hreg    U_CHAR  005253H 1      
TIM2_DER . . . . . . . . . . . . . . .  HREG     hreg    U_CHAR  005254H 1      
TIM2_IER . . . . . . . . . . . . . . .  HREG     hreg    U_CHAR  005255H 1      
TIM2_SR1 . . . . . . . . . . . . . . .  HREG     hreg    U_CHAR  005256H 1      
TIM2_SR2 . . . . . . . . . . . . . . .  HREG     hreg    U_CHAR  005257H 1      
TIM2_EGR . . . . . . . . . . . . . . .  HREG     hreg    U_CHAR  005258H 1      
TIM2_CCMR1 . . . . . . . . . . . . . .  HREG     hreg    U_CHAR  005259H 1      
TIM2_CCMR2 . . . . . . . . . . . . . .  HREG     hreg    U_CHAR  00525AH 1      
TIM2_CCER1 . . . . . . . . . . . . . .  HREG     hreg    U_CHAR  00525BH 1      
TIM2_CNTR. . . . . . . . . . . . . . .  HREG16   hreg16  U_INT   00525CH 2      
TIM2_CNTRH . . . . . . . . . . . . . .  HREG     hreg    U_CHAR  00525CH 1      
TIM2_CNTRL . . . . . . . . . . . . . .  HREG     hreg    U_CHAR  00525DH 1      
TIM2_PSCR. . . . . . . . . . . . . . .  HREG     hreg    U_CHAR  00525EH 1      
TIM2_ARR . . . . . . . . . . . . . . .  HREG16   hreg16  U_INT   00525FH 2      
TIM2_ARRH. . . . . . . . . . . . . . .  HREG     hreg    U_CHAR  00525FH 1      
TIM2_ARRL. . . . . . . . . . . . . . .  HREG     hreg    U_CHAR  005260H 1      
TIM2_CCR1. . . . . . . . . . . . . . .  HREG16   hreg16  U_INT   005261H 2      
TIM2_CCR1H . . . . . . . . . . . . . .  HREG     hreg    U_CHAR  005261H 1      
TIM2_CCR1L . . . . . . . . . . . . . .  HREG     hreg    U_CHAR  005262H 1      
TIM2_CCR2. . . . . . . . . . . . . . .  HREG16   hreg16  U_INT   005263H 2      
TIM2_CCR2H . . . . . . . . . . . . . .  HREG     hreg    U_CHAR  005263H 1      
TIM2_CCR2L . . . . . . . . . . . . . .  HREG     hreg    U_CHAR  005264H 1      
TIM2_BKR . . . . . . . . . . . . . . .  HREG     hreg    U_CHAR  005265H 1      
TIM2_OISR. . . . . . . . . . . . . . .  HREG     hreg    U_CHAR  005266H 1      
TIM3_CR1 . . . . . . . . . . . . . . .  HREG     hreg    U_CHAR  005280H 1      
TIM3_CR2 . . . . . . . . . . . . . . .  HREG     hreg    U_CHAR  005281H 1      
TIM3_SMCR. . . . . . . . . . . . . . .  HREG     hreg    U_CHAR  005282H 1      
TIM3_ETR . . . . . . . . . . . . . . .  HREG     hreg    U_CHAR  005283H 1      
TIM3_DER . . . . . . . . . . . . . . .  HREG     hreg    U_CHAR  005284H 1      
TIM3_IER . . . . . . . . . . . . . . .  HREG     hreg    U_CHAR  005285H 1      
TIM3_SR1 . . . . . . . . . . . . . . .  HREG     hreg    U_CHAR  005286H 1      
TIM3_SR2 . . . . . . . . . . . . . . .  HREG     hreg    U_CHAR  005287H 1      
TIM3_EGR . . . . . . . . . . . . . . .  HREG     hreg    U_CHAR  005288H 1      
TIM3_CCMR1 . . . . . . . . . . . . . .  HREG     hreg    U_CHAR  005289H 1      
TIM3_CCMR2 . . . . . . . . . . . . . .  HREG     hreg    U_CHAR  00528AH 1      
TIM3_CCER1 . . . . . . . . . . . . . .  HREG     hreg    U_CHAR  00528BH 1      
TIM3_CNTR. . . . . . . . . . . . . . .  HREG16   hreg16  U_INT   00528CH 2      
TIM3_CNTRH . . . . . . . . . . . . . .  HREG     hreg    U_CHAR  00528CH 1      
TIM3_CNTRL . . . . . . . . . . . . . .  HREG     hreg    U_CHAR  00528DH 1      
TIM3_PSCR. . . . . . . . . . . . . . .  HREG     hreg    U_CHAR  00528EH 1      
TIM3_ARR . . . . . . . . . . . . . . .  HREG16   hreg16  U_INT   00528FH 2      
TIM3_ARRH. . . . . . . . . . . . . . .  HREG     hreg    U_CHAR  00528FH 1      
TIM3_ARRL. . . . . . . . . . . . . . .  HREG     hreg    U_CHAR  005290H 1      
TIM3_CCR1. . . . . . . . . . . . . . .  HREG16   hreg16  U_INT   005291H 2      
TIM3_CCR1H . . . . . . . . . . . . . .  HREG     hreg    U_CHAR  005291H 1      
TIM3_CCR1L . . . . . . . . . . . . . .  HREG     hreg    U_CHAR  005292H 1      
TIM3_CCR2. . . . . . . . . . . . . . .  HREG16   hreg16  U_INT   005293H 2      
TIM3_CCR2H . . . . . . . . . . . . . .  HREG     hreg    U_CHAR  005293H 1      
TIM3_CCR2L . . . . . . . . . . . . . .  HREG     hreg    U_CHAR  005294H 1      
TIM3_BKR . . . . . . . . . . . . . . .  HREG     hreg    U_CHAR  005295H 1      
TIM3_OISR. . . . . . . . . . . . . . .  HREG     hreg    U_CHAR  005296H 1      
TIM1_CR1 . . . . . . . . . . . . . . .  HREG     hreg    U_CHAR  0052B0H 1      
TIM1_CR2 . . . . . . . . . . . . . . .  HREG     hreg    U_CHAR  0052B1H 1      
TIM1_SMCR. . . . . . . . . . . . . . .  HREG     hreg    U_CHAR  0052B2H 1      
TIM1_ETR . . . . . . . . . . . . . . .  HREG     hreg    U_CHAR  0052B3H 1      
TIM1_DER . . . . . . . . . . . . . . .  HREG     hreg    U_CHAR  0052B4H 1      
TIM1_IER . . . . . . . . . . . . . . .  HREG     hreg    U_CHAR  0052B5H 1      
TIM1_SR1 . . . . . . . . . . . . . . .  HREG     hreg    U_CHAR  0052B6H 1      
TIM1_SR2 . . . . . . . . . . . . . . .  HREG     hreg    U_CHAR  0052B7H 1      
TIM1_EGR . . . . . . . . . . . . . . .  HREG     hreg    U_CHAR  0052B8H 1      
TIM1_CCMR1 . . . . . . . . . . . . . .  HREG     hreg    U_CHAR  0052B9H 1      
TIM1_CCMR2 . . . . . . . . . . . . . .  HREG     hreg    U_CHAR  0052BAH 1      
TIM1_CCMR3 . . . . . . . . . . . . . .  HREG     hreg    U_CHAR  0052BBH 1      
TIM1_CCMR4 . . . . . . . . . . . . . .  HREG     hreg    U_CHAR  0052BCH 1      
TIM1_CCER1 . . . . . . . . . . . . . .  HREG     hreg    U_CHAR  0052BDH 1      
TIM1_CCER2 . . . . . . . . . . . . . .  HREG     hreg    U_CHAR  0052BEH 1      
TIM1_CNTR. . . . . . . . . . . . . . .  HREG16   hreg16  U_INT   0052BFH 2      
TIM1_CNTRH . . . . . . . . . . . . . .  HREG     hreg    U_CHAR  0052BFH 1      
TIM1_CNTRL . . . . . . . . . . . . . .  HREG     hreg    U_CHAR  0052C0H 1      
TIM1_PSCR. . . . . . . . . . . . . . .  HREG16   hreg16  U_INT   0052C1H 2      
TIM1_PSCRH . . . . . . . . . . . . . .  HREG     hreg    U_CHAR  0052C1H 1      
TIM1_PSCRL . . . . . . . . . . . . . .  HREG     hreg    U_CHAR  0052C2H 1      
TIM1_ARR . . . . . . . . . . . . . . .  HREG16   hreg16  U_INT   0052C3H 2      
TIM1_ARRH. . . . . . . . . . . . . . .  HREG     hreg    U_CHAR  0052C3H 1      
TIM1_ARRL. . . . . . . . . . . . . . .  HREG     hreg    U_CHAR  0052C4H 1      
TIM1_RCR . . . . . . . . . . . . . . .  HREG     hreg    U_CHAR  0052C5H 1      
TIM1_CCR1. . . . . . . . . . . . . . .  HREG16   hreg16  U_INT   0052C6H 2      
TIM1_CCR1H . . . . . . . . . . . . . .  HREG     hreg    U_CHAR  0052C6H 1      
TIM1_CCR1L . . . . . . . . . . . . . .  HREG     hreg    U_CHAR  0052C7H 1      
TIM1_CCR2. . . . . . . . . . . . . . .  HREG16   hreg16  U_INT   0052C8H 2      
TIM1_CCR2H . . . . . . . . . . . . . .  HREG     hreg    U_CHAR  0052C8H 1      
TIM1_CCR2L . . . . . . . . . . . . . .  HREG     hreg    U_CHAR  0052C9H 1      
TIM1_CCR3. . . . . . . . . . . . . . .  HREG16   hreg16  U_INT   0052CAH 2      
TIM1_CCR3H . . . . . . . . . . . . . .  HREG     hreg    U_CHAR  0052CAH 1      
TIM1_CCR3L . . . . . . . . . . . . . .  HREG     hreg    U_CHAR  0052CBH 1      
TIM1_CCR4. . . . . . . . . . . . . . .  HREG16   hreg16  U_INT   0052CCH 2      
TIM1_CCR4H . . . . . . . . . . . . . .  HREG     hreg    U_CHAR  0052CCH 1      
TIM1_CCR4L . . . . . . . . . . . . . .  HREG     hreg    U_CHAR  0052CDH 1      
TIM1_BKR . . . . . . . . . . . . . . .  HREG     hreg    U_CHAR  0052CEH 1      
TIM1_DTR . . . . . . . . . . . . . . .  HREG     hreg    U_CHAR  0052CFH 1      
TIM1_OISR. . . . . . . . . . . . . . .  HREG     hreg    U_CHAR  0052D0H 1      
TIM1_DCR1. . . . . . . . . . . . . . .  HREG     hreg    U_CHAR  0052D1H 1      
TIM1_DCR2. . . . . . . . . . . . . . .  HREG     hreg    U_CHAR  0052D2H 1      
TIM1_DMAR. . . . . . . . . . . . . . .  HREG     hreg    U_CHAR  0052D3H 1      
TIM4_CR1 . . . . . . . . . . . . . . .  HREG     hreg    U_CHAR  0052E0H 1      
TIM4_CR2 . . . . . . . . . . . . . . .  HREG     hreg    U_CHAR  0052E1H 1      
TIM4_SMCR. . . . . . . . . . . . . . .  HREG     hreg    U_CHAR  0052E2H 1      
TIM4_DER . . . . . . . . . . . . . . .  HREG     hreg    U_CHAR  0052E3H 1      
TIM4_IER . . . . . . . . . . . . . . .  HREG     hreg    U_CHAR  0052E4H 1      
TIM4_SR1 . . . . . . . . . . . . . . .  HREG     hreg    U_CHAR  0052E5H 1      
TIM4_EGR . . . . . . . . . . . . . . .  HREG     hreg    U_CHAR  0052E6H 1      
TIM4_CNTR. . . . . . . . . . . . . . .  HREG     hreg    U_CHAR  0052E7H 1      
TIM4_PSCR. . . . . . . . . . . . . . .  HREG     hreg    U_CHAR  0052E8H 1      
TIM4_ARR . . . . . . . . . . . . . . .  HREG     hreg    U_CHAR  0052E9H 1      
IR_CR. . . . . . . . . . . . . . . . .  HREG     hreg    U_CHAR  0052FFH 1      
ADC1_CR1 . . . . . . . . . . . . . . .  HREG     hreg    U_CHAR  005340H 1      
ADC1_CR2 . . . . . . . . . . . . . . .  HREG     hreg    U_CHAR  005341H 1      
ADC1_CR3 . . . . . . . . . . . . . . .  HREG     hreg    U_CHAR  005342H 1      
ADC1_SR. . . . . . . . . . . . . . . .  HREG     hreg    U_CHAR  005343H 1      
ADC1_DR. . . . . . . . . . . . . . . .  HREG16   hreg16  U_INT   005344H 2      
ADC1_DRH . . . . . . . . . . . . . . .  HREG     hreg    U_CHAR  005344H 1      
ADC1_DRL . . . . . . . . . . . . . . .  HREG     hreg    U_CHAR  005345H 1      
ADC1_HTR . . . . . . . . . . . . . . .  HREG16   hreg16  U_INT   005346H 2      
ADC1_HTRH. . . . . . . . . . . . . . .  HREG     hreg    U_CHAR  005346H 1      
ADC1_HTRL. . . . . . . . . . . . . . .  HREG     hreg    U_CHAR  005347H 1      
ADC1_LTR . . . . . . . . . . . . . . .  HREG16   hreg16  U_INT   005348H 2      
ADC1_LTRH. . . . . . . . . . . . . . .  HREG     hreg    U_CHAR  005348H 1      
ADC1_LTRL. . . . . . . . . . . . . . .  HREG     hreg    U_CHAR  005349H 1      
ADC1_SQR1. . . . . . . . . . . . . . .  HREG     hreg    U_CHAR  00534AH 1      
ADC1_SQR2. . . . . . . . . . . . . . .  HREG     hreg    U_CHAR  00534BH 1      
ADC1_SQR3. . . . . . . . . . . . . . .  HREG     hreg    U_CHAR  00534CH 1      
ADC1_SQR4. . . . . . . . . . . . . . .  HREG     hreg    U_CHAR  00534DH 1      
ADC1_TRIGR1. . . . . . . . . . . . . .  HREG     hreg    U_CHAR  00534EH 1      
ADC1_TRIGR2. . . . . . . . . . . . . .  HREG     hreg    U_CHAR  00534FH 1      
ADC1_TRIGR3. . . . . . . . . . . . . .  HREG     hreg    U_CHAR  005350H 1      
ADC1_TRIGR4. . . . . . . . . . . . . .  HREG     hreg    U_CHAR  005351H 1      
DAC_CR1. . . . . . . . . . . . . . . .  HREG     hreg    U_CHAR  005380H 1      
DAC_CR2. . . . . . . . . . . . . . . .  HREG     hreg    U_CHAR  005381H 1      
DAC_SWTRIGR. . . . . . . . . . . . . .  HREG     hreg    U_CHAR  005384H 1      
DAC_SR . . . . . . . . . . . . . . . .  HREG     hreg    U_CHAR  005385H 1      
DAC_RDHR . . . . . . . . . . . . . . .  HREG16   hreg16  U_INT   005388H 2      
DAC_RDHRH. . . . . . . . . . . . . . .  HREG     hreg    U_CHAR  005388H 1      
DAC_RDHRL. . . . . . . . . . . . . . .  HREG     hreg    U_CHAR  005389H 1      
DAC_LDHR . . . . . . . . . . . . . . .  HREG16   hreg16  U_INT   00538CH 2      
DAC_LDHRH. . . . . . . . . . . . . . .  HREG     hreg    U_CHAR  00538CH 1      
DAC_LDHRL. . . . . . . . . . . . . . .  HREG     hreg    U_CHAR  00538DH 1      
DAC_DHR8 . . . . . . . . . . . . . . .  HREG     hreg    U_CHAR  005390H 1      
DAC_DOR. . . . . . . . . . . . . . . .  HREG16   hreg16  U_INT   0053ACH 2      
DAC_DORH . . . . . . . . . . . . . . .  HREG     hreg    U_CHAR  0053ACH 1      
DAC_DORL . . . . . . . . . . . . . . .  HREG     hreg    U_CHAR  0053ADH 1      
RI_ICR1. . . . . . . . . . . . . . . .  HREG     hreg    U_CHAR  005431H 1      
RI_ICR2. . . . . . . . . . . . . . . .  HREG     hreg    U_CHAR  005432H 1      
RI_IOIR1 . . . . . . . . . . . . . . .  HREG     hreg    U_CHAR  005433H 1      
RI_IOIR2 . . . . . . . . . . . . . . .  HREG     hreg    U_CHAR  005434H 1      
RI_IOIR3 . . . . . . . . . . . . . . .  HREG     hreg    U_CHAR  005435H 1      
RI_IOCMR1. . . . . . . . . . . . . . .  HREG     hreg    U_CHAR  005436H 1      
RI_IOCMR2. . . . . . . . . . . . . . .  HREG     hreg    U_CHAR  005437H 1      
RI_IOCMR3. . . . . . . . . . . . . . .  HREG     hreg    U_CHAR  005438H 1      
RI_IOSR1 . . . . . . . . . . . . . . .  HREG     hreg    U_CHAR  005439H 1      
RI_IOSR2 . . . . . . . . . . . . . . .  HREG     hreg    U_CHAR  00543AH 1      
RI_IOSR3 . . . . . . . . . . . . . . .  HREG     hreg    U_CHAR  00543BH 1      
RI_IOGCR . . . . . . . . . . . . . . .  HREG     hreg    U_CHAR  00543CH 1      
RI_ASCR1 . . . . . . . . . . . . . . .  HREG     hreg    U_CHAR  00543DH 1      
RI_ASCR2 . . . . . . . . . . . . . . .  HREG     hreg    U_CHAR  00543EH 1      
RI_RCR . . . . . . . . . . . . . . . .  HREG     hreg    U_CHAR  00543FH 1      
COMP_CSR1. . . . . . . . . . . . . . .  HREG     hreg    U_CHAR  005440H 1      
COMP_CSR2. . . . . . . . . . . . . . .  HREG     hreg    U_CHAR  005441H 1      
COMP_CSR3. . . . . . . . . . . . . . .  HREG     hreg    U_CHAR  005442H 1      
COMP_CSR4. . . . . . . . . . . . . . .  HREG     hreg    U_CHAR  005443H 1      
COMP_CSR5. . . . . . . . . . . . . . .  HREG     hreg    U_CHAR  005444H 1      
CFG_GCR. . . . . . . . . . . . . . . .  HREG     hreg    U_CHAR  007F60H 1      
ITC_SPR1 . . . . . . . . . . . . . . .  HREG     hreg    U_CHAR  007F70H 1      
ITC_SPR2 . . . . . . . . . . . . . . .  HREG     hreg    U_CHAR  007F71H 1      
ITC_SPR3 . . . . . . . . . . . . . . .  HREG     hreg    U_CHAR  007F72H 1      
ITC_SPR4 . . . . . . . . . . . . . . .  HREG     hreg    U_CHAR  007F73H 1      
ITC_SPR5 . . . . . . . . . . . . . . .  HREG     hreg    U_CHAR  007F74H 1      
ITC_SPR6 . . . . . . . . . . . . . . .  HREG     hreg    U_CHAR  007F75H 1      
ITC_SPR7 . . . . . . . . . . . . . . .  HREG     hreg    U_CHAR  007F76H 1      
ITC_SPR8 . . . . . . . . . . . . . . .  HREG     hreg    U_CHAR  007F77H 1      
_fctptr_t. . . . . . . . . . . . . . .  TYPEDEF ------- PTR   -------      2
_halt_ . . . . . . . . . . . . . . . .  EXTERN  CODE    PROC    ------- -----
_jmp_. . . . . . . . . . . . . . . . .  EXTERN  CODE    PROC    ------- -----
_nop_. . . . . . . . . . . . . . . . .  EXTERN  CODE    PROC    ------- -----
_rim_. . . . . . . . . . . . . . . . .  EXTERN  CODE    PROC    ------- -----
_sim_. . . . . . . . . . . . . . . . .  EXTERN  CODE    PROC    ------- -----
_trap_ . . . . . . . . . . . . . . . .  EXTERN  CODE    PROC    ------- -----
_wfe_. . . . . . . . . . . . . . . . .  EXTERN  CODE    PROC    ------- -----
_wfi_. . . . . . . . . . . . . . . . .  EXTERN  CODE    PROC    ------- -----
_getCC_. . . . . . . . . . . . . . . .  EXTERN  CODE    PROC    ------- -----
_setCC_. . . . . . . . . . . . . . . .  EXTERN  CODE    PROC    ------- -----
_getSP_. . . . . . . . . . . . . . . .  EXTERN  CODE    PROC    ------- -----
_setSP_. . . . . . . . . . . . . . . .  EXTERN  CODE    PROC    ------- -----
_swapbyte_ . . . . . . . . . . . . . .  EXTERN  CODE    PROC    ------- -----
_swapnibble_ . . . . . . . . . . . . .  EXTERN  CODE    PROC    ------- -----
DWORD. . . . . . . . . . . . . . . . .  TYPEDEF ------- ????? -------      4
WORD . . . . . . . . . . . . . . . . .  TYPEDEF ------- U_CHAR  -------     2
BYTE . . . . . . . . . . . . . . . . .  TYPEDEF ------- U_CHAR  -------     1
delay. . . . . . . . . . . . . . . . .  EXTERN  CODE    PROC    ------- -----
setWKUP. . . . . . . . . . . . . . . .  EXTERN  CODE    PROC    ------- -----
Voltage. . . . . . . . . . . . . . . .  EXTERN  page0   U_INT   ------- -----
Mtime. . . . . . . . . . . . . . . . .  EXTERN  page0   U_INT   ------- -----
PulseNL. . . . . . . . . . . . . . . .  EXTERN  page0    BASE    ------- -----
PulseNH. . . . . . . . . . . . . . . .  EXTERN  page0    BASE    ------- -----
PulseCount . . . . . . . . . . . . . .  EXTERN  page0    BASE    ------- -----
Imeas. . . . . . . . . . . . . . . . .  EXTERN  page0    BASE    ------- -----
Pulse. . . . . . . . . . . . . . . . .  EXTERN  bit     BIT     ------- -----
itoa . . . . . . . . . . . . . . . . .  EXTERN  CODE    PROC    ------- -----
dwtoa. . . . . . . . . . . . . . . . .  EXTERN  CODE    PROC    ------- -----
reverse. . . . . . . . . . . . . . . .  EXTERN  CODE    PROC    ------- -----
  i?141. . . . . . . . . . . . . . . .  PUBLIC  auto    INT     000000H 2      
  sign?142 . . . . . . . . . . . . . .  PUBLIC  auto    INT     000000H 2      
itoa . . . . . . . . . . . . . . . . .  PUBLIC  CODE    PROC    ------- -----
 n?139 . . . . . . . . . . . . . . . .  PARAM    auto    INT     000004H 2      
 s?140 . . . . . . . . . . . . . . . .  PARAM    auto    PTR     000008H 2      
  i?141. . . . . . . . . . . . . . . .  PUBLIC  auto    INT     000000H 2      
  sign?142 . . . . . . . . . . . . . .  PUBLIC  auto    INT     000002H 2      
  i?145. . . . . . . . . . . . . . . .  PUBLIC  auto    INT     000000H 2      
dwtoa. . . . . . . . . . . . . . . . .  PUBLIC  CODE    PROC    ------- -----
 n?143 . . . . . . . . . . . . . . . .  PARAM    auto     BASE    000004H 4      
 s?144 . . . . . . . . . . . . . . . .  PARAM    auto    PTR     000008H 2      
  i?145. . . . . . . . . . . . . . . .  PUBLIC  auto    INT     000000H 2      
  i?147. . . . . . . . . . . . . . . .  PUBLIC  auto    INT     000000H 2      
  j?148. . . . . . . . . . . . . . . .  PUBLIC  auto    INT     000000H 2      
  c?149. . . . . . . . . . . . . . . .  PUBLIC  auto    U_CHAR  000000H 1      
reverse. . . . . . . . . . . . . . . .  PUBLIC  CODE    PROC    ------- -----
 s?146 . . . . . . . . . . . . . . . .  PARAM    auto    PTR     000005H 2      
  i?147. . . . . . . . . . . . . . . .  PUBLIC  auto    INT     000000H 2      
  j?148. . . . . . . . . . . . . . . .  PUBLIC  auto    INT     000002H 2      
  c?149. . . . . . . . . . . . . . . .  PUBLIC  auto    U_CHAR  000004H 1      
?CL. . . . . . . . . . . . . . . . . .  EXTERN  page0   U_CHAR  ------- -----
strlen . . . . . . . . . . . . . . . .  EXTERN  CODE    PROC    ------- -----
RCSTM8 COMPILER V2.28.10.092


MODULE INFORMATION:   STATIC OVERLAYABLE
   CODE SIZE        =    247    ----
   CONSTANT SIZE    =   ----    ----
   DATA SIZE        =   ----    ----
   PAGE0 SIZE       =   ----    ----
   BIT SIZE         =   ----    ----
END OF MODULE INFORMATION.

RCSTM8 COMPILATION COMPLETE.  0 WARNING,  0 ERROR
