RCSTM8 COMPILER V2.28.10.092,  MAIN               05/14/19  16:28:54

QCW(0x009638A0)

RCSTM8 COMPILER V2.28.10.092, COMPILATION OF MODULE MAIN      
OBJECT MODULE PLACED IN Debug\main.o
COMPILER INVOKED BY: OBJECT(Debug\main.o) PIN(C:\Program Files (x86)\Raisonance\Ride\inc\STM8) PIN(C:\Program Files (x86)\Raisonance\Ride\inc\ST7) PIN(C:\Program Files (x86)\Raisonance\Ride\inc) DGC(page0) AUTO WRV(0) PR(Debug\main.lst) CD CO SB OT(0) DEBUG STM8(SMALL) 

stmt level    source
   1          /* MAIN.C file
   2           * 
   3           * Copyright (c) 2002-2005 STMicroelectronics
   4           */
   5          #include "global.h"
   6          #include "uart.h"
   7          #include "commands.h"
   8          #include "timers.h"
   9          #include "eeprom.h"
  10          #include "gpio.h"
  11          #include "dac.h"
  12          #include "rtc.h"
  13          
  14          #ifdef _LCD
  15          #include "ecma0896.h"
  16          #endif
  17          
  18          void delay(WORD msec);
  19          void setWKUP(void);
  20          
  21          WORD Voltage;
  22          WORD Mtime;
  23          DWORD PulseNL;
  24          DWORD PulseNH;
  25          bit Pulse;
  26          
  27          DWORD PulseCount = 0;
  28          DWORD PulseCounter = 0;
  29          DWORD Imeas = 0;
  30          
  31          void main (void)
  32          {	
  33   1      	CLK_CKDIVR = 0;
  34   1      	initIO();
  35   1      	
  36   1      	//CLK_ICKCR |= 0x05; //HSI and LSI on
  37   1      	CLK_PCKENR1 = 0b10100011;//switch clock to DAC, USART, timer 2 & timer 3
  38   1      	CLK_PCKENR2 = 0x04;
  39   1      	//choose and enable RTC clock
  40   1      	CLK_CRTCR |= 0x04; //LSI for RTC
  41   1      	//check RTC initialisation
  42   1      	if (!(RTC_ISR1 & 0x10)) RTC_init();
  43   1      	//RTC_init();
  44   1      	
  45   1      	readparameters();
  46   1      	
  47   1      	setWKUP();
  48   1      	initTIM2();
  49   1      	initTIM3();
  50   1      	#ifdef _LCD
  51   1      	initLCD();
  52   1      	#endif
  53   1      	delay(50);
  54   1      	LED_set(1);
  55   1      	_rim_ ();
  56   1      	#ifdef _LCD
  57   1      	cls();
  58   1      	#endif
  59   1      	initDAC();
  60   1      	initUART();
  61   1      	updateDAC(Voltage);
  62   1      	PulseCount = 0;
  63   1      	//update LCD
  64   1      		#ifdef _LCD
  65   1      	updVolt(Voltage);
  66   1      	updTime(Mtime);
  67   1      	updCnt(PulseCount);
  68   1      	updCurr(0);
  69   1      		#endif
  70   1      	//set WKUP period
  71   1      
  72   1      
  73   1      		
  74   1      	while (1)
  75   1      		{
  76   2      			
  77   2      			
  78   2      			if (RxStatus == 4) checkpacket (Comm_Len);
  79   2      			if (F_Comm) handlecommand();
  80   2      			if (Pulse)
  81   2      			{
  82   3      				PulseCounter++;
  83   3      				Pulse = 0;
  84   3      				//Tim3Flag = 0;
  85   3      				//if (!CheckCmp()) Pulse = 1;
  86   3      				//else Pulse = 0;
  87   3      			}
  88   2      			//if (Pulse) sendpulse();
  89   2      			if(Tim2Flag)
  90   2      			{
  91   3      				Tim2Flag = 0;
  92   3      				
  93   3      			}
  94   2      			if (RTC_Flag) 
  95   2      				{		
  96   3      					RTC_Flag = 0;
  97   3      					PulseCount = PulseCounter;
  98   3      					PulseCounter = 0;
  99   3      					updCnt(PulseCount);
 100   3      					
 101   3      				}		
 102   2      			//add keyboard handler here - ???
 103   2      		}
 104   1      }
 105          
 106          
 107          
 108          void delay(WORD msec)	
 109          {
 110   1        WORD del = 0;
 111   1        while(msec)									// delay till msec is 0
 112   1        {
 113   2          for(del = 0; del < 1000; del++);		// 1 msec delay, m.b. corrected according to FCPU!
 114   2          msec--;										// decrement msec
 115   2        }
 116   1      }
 117          void setWKUP(void)
 118          {
 119   1      	WORD t;
 120   1      	t = Mtime;
 121   1      	if (t == 0) t=1; //protect
 122   1      	t = t-1;
 123   1      	RTC_WPR = 0xCA;
 124   1      	RTC_WPR = 0x53;
 125   1      	RTC_ISR1 |= 0x04; //enable WUT changing
 126   1      	RTC_WPR = 0xCA;
 127   1      	RTC_WPR = 0x53;
 128   1      	RTC_CR2 = 0x00;//wake-up timer off, interrupt disable
 129   1      	RTC_WPR = 0xCA;
 130   1      	RTC_WPR = 0x53;
 131   1      	RTC_WUTRH = HI(t);
 132   1      	RTC_WPR = 0xCA;
 133   1      	RTC_WPR = 0x53;
 134   1      	RTC_WUTRL = LO(t);
 135   1      	RTC_WPR = 0xCA;
 136   1      	RTC_WPR = 0x53;
 137   1      	RTC_CR2 = 0x44;//wake-up timer on, interrupt enable
 138   1      	RTC_WPR = 0xCA;
 139   1      	RTC_WPR = 0x53;
 140   1      	RTC_ISR1 &= ~0x84;
 141   1      	RTC_lock();
 142   1      	
 143   1      }
 144          
RCSTM8 COMPILER V2.28.10.092
ASSEMBLY LISTING OF GENERATED OBJECT CODE

              ; FUNCTION main (BEGIN)
              ; SOURCE LINE # 33 
0000 350050C0                          MOV    CLK_CKDIVR,#000H
              ; SOURCE LINE # 34 
0004 CD0000     F                      CALL   ?initIO
              ; SOURCE LINE # 37 
0007 35A350C3                          MOV    CLK_PCKENR1,#0A3H
              ; SOURCE LINE # 38 
000B 350450C4                          MOV    CLK_PCKENR2,#004H
              ; SOURCE LINE # 40 
000F A604                              LD     A,#004H
0011 CA50C1                            OR     A,CLK_CRTCR
0014 B703       F                      LD     ?BH,A
0016 55000350C1 F                      MOV    CLK_CRTCR,?BH
              ; SOURCE LINE # 42 
001B 55514C0003 F                      MOV    ?BH,RTC_ISR1
0020 720800030A F                      BTJT   ?BH,#004H,?NXT_0009
0025 AE0000     F                      LDW    X,#?NXT_0009
0028 2702                              JREQ   ?NXT_0010
002A 2000                              JRA    ?NXT_0011
002C         ?NXT_0010:

002C         ?NXT_0011:
002C CD0000     F                      CALL   ?RTC_init
002F         ?NXT_0009:
              ; SOURCE LINE # 45 
002F CD0000     F                      CALL   ?readparameters
              ; SOURCE LINE # 47 
0032 CD0000     F                      CALL   ?setWKUP
              ; SOURCE LINE # 48 
0035 CD0000     F                      CALL   ?initTIM2
              ; SOURCE LINE # 49 
0038 CD0000     F                      CALL   ?initTIM3
              ; SOURCE LINE # 51 
003B CD0000     F                      CALL   ?initLCD
              ; SOURCE LINE # 53 
003E AE0032                            LDW    X,#00032H
0041 CD0000     F                      CALL   ?delay
              ; SOURCE LINE # 54 
0044 A601                              LD     A,#001H
0046 CD0000     F                      CALL   ?LED_set
              ; SOURCE LINE # 55 
0049 9A                                RIM    
              ; SOURCE LINE # 57 
004A CD0000     F                      CALL   ?cls
              ; SOURCE LINE # 59 
004D CD0000     F                      CALL   ?initDAC
              ; SOURCE LINE # 60 
0050 CD0000     F                      CALL   ?initUART
              ; SOURCE LINE # 61 
0053 BE00       F                      LDW    X,Voltage
0055 CD0000     F                      CALL   ?updateDAC
              ; SOURCE LINE # 62 
0058 5F                                CLRW   X
0059 BF00       F                      LDW    PulseCount,X
005B BF00       F                      LDW    PulseCount + 02H,X
              ; SOURCE LINE # 65 
005D BE00       F                      LDW    X,Voltage
005F CD0000     F                      CALL   ?updVolt
              ; SOURCE LINE # 66 
0062 BE00       F                      LDW    X,Mtime
0064 CD0000     F                      CALL   ?updTime
              ; SOURCE LINE # 67 
0067 AE0000     F                      LDW    X,#PulseCount
006A CD0000     F DNF                  CALL   ?C?mv4_ix2sk
006D CD0000     F                      CALL   ?updCnt
0070 5B04                              ADD    SP,#004H
              ; SOURCE LINE # 68 
0072 AE0000                            LDW    X,#00000H
0075 CD0000     F                      CALL   ?updCurr
0078         ?WHILE_0001:
              ; SOURCE LINE # 78 
0078 A604                              LD     A,#004H
007A B100       F                      CP     A,RxStatus
007C 2605                              JRNE   ?NXT_0013
007E B600       F                      LD     A,Comm_Len
0080 CD0000     F                      CALL   ?checkpacket
0083         ?NXT_0013:
              ; SOURCE LINE # 79 
0083 7201000003 F                      BTJF   F_Comm,?NXT_0014
0088 CD0000     F                      CALL   ?handlecommand
008B         ?NXT_0014:
              ; SOURCE LINE # 80 
008B 720100000C F                      BTJF   Pulse,?NXT_0015
              ; SOURCE LINE # 82 
0090 AE0000     F                      LDW    X,#HIGH(PulseCounter)
0093 A601                              LD     A,#001H
0095 CD0000     F                      CALL   ?C?accix328
              ; SOURCE LINE # 83 
0098 72110000   F                      BRES   Pulse
009C         ?NXT_0015:
              ; SOURCE LINE # 89 
009C 7201000004 F                      BTJF   Tim2Flag,?NXT_0016
              ; SOURCE LINE # 91 
00A1 72110000   F                      BRES   Tim2Flag
00A5         ?NXT_0016:
              ; SOURCE LINE # 94 
00A5 720100001C F                      BTJF   RTC_Flag,?NXT_0017
              ; SOURCE LINE # 96 
00AA 72110000   F                      BRES   RTC_Flag
              ; SOURCE LINE # 97 
00AE BE00       F                      LDW    X,PulseCounter
00B0 BF00       F                      LDW    PulseCount,X
00B2 BE00       F                      LDW    X,PulseCounter + 02H
00B4 BF00       F                      LDW    PulseCount + 02H,X
              ; SOURCE LINE # 98 
00B6 5F                                CLRW   X
00B7 BF00       F                      LDW    PulseCounter,X
00B9 BF00       F                      LDW    PulseCounter + 02H,X
              ; SOURCE LINE # 99 
00BB AE0000     F                      LDW    X,#PulseCount
00BE CD0000     F DNF                  CALL   ?C?mv4_ix2sk
00C1 CD0000     F                      CALL   ?updCnt
00C4 5B04                              ADD    SP,#004H
00C6         ?NXT_0017:
00C6 20B0                              JRA    ?WHILE_0001
00C8         ?NXT_0012:

00C8         ?EPILOG_0000:
00C8 81                                RET    

              ; FUNCTION main (END)

              ; FUNCTION ?delay (BEGIN)
              ; Register-parameter msec (XW) is relocated (auto)
              ; SOURCE LINE # 108 
0000 89                                PUSHW  X
0001 89                                PUSHW  X
              ; SOURCE LINE # 110 
0002 AE0000                            LDW    X,#00000H
0005 1F01       F                      LDW    (001H,SP),X   ; [ del ]
0007         ?WHILE_0003:
              ; SOURCE LINE # 111 
0007 1E03       F                      LDW    X,(003H,SP)   ; [ msec ]
0009 2719                              JREQ   ?NXT_0021
              ; SOURCE LINE # 113 
000B AE0000                            LDW    X,#00000H
000E 1F01       F                      LDW    (001H,SP),X   ; [ del ]
0010         ?FOR_0001:

0010         ?NXT_0023:
0010 1E01       F                      LDW    X,(001H,SP)   ; [ del ]
0012 5C                                INCW   X
0013 1F01       F                      LDW    (001H,SP),X   ; [ del ]
0015 5A                                DECW   X
0016 AE03E8                            LDW    X,#003E8H
0019 1301       F                      CPW    X,(001H,SP)   ; [ del ]
001B 22F3                              JRUGT  ?FOR_0001
001D         ?NXT_0022:
              ; SOURCE LINE # 114 
001D 1E03       F                      LDW    X,(003H,SP)   ; [ msec ]
001F 5A                                DECW   X
0020 1F03       F                      LDW    (003H,SP),X   ; [ msec ]
0022 20E3                              JRA    ?WHILE_0003
0024         ?NXT_0021:

0024         ?EPILOG_0001:
0024 5B04                              ADD    SP,#004H
0026 81                                RET    
              ; msec         unsigned short  (size=2-Alg).  parameter in AUTO
              ; del          unsigned short  (size=2-Alg). Automatic variable  in AUTO

              ; FUNCTION ?delay (END)

              ; FUNCTION ?setWKUP (BEGIN)
              ; SOURCE LINE # 117 
0000 89                                PUSHW  X
              ; SOURCE LINE # 120 
0001 BE00       F                      LDW    X,Mtime
0003 1F01       F                      LDW    (001H,SP),X   ; [ t ]
              ; SOURCE LINE # 121 
0005 1E01       F                      LDW    X,(001H,SP)   ; [ t ]
0007 2605                              JRNE   ?NXT_0025
0009 AE0001                            LDW    X,#00001H
000C 1F01       F                      LDW    (001H,SP),X   ; [ t ]
000E         ?NXT_0025:
              ; SOURCE LINE # 122 
000E 1E01       F                      LDW    X,(001H,SP)   ; [ t ]
0010 1CFFFF                            ADDW   X,#0FFFFH
0013 1F01       F                      LDW    (001H,SP),X   ; [ t ]
              ; SOURCE LINE # 123 
0015 35CA5159                          MOV    RTC_WPR,#0CAH
              ; SOURCE LINE # 124 
0019 35535159                          MOV    RTC_WPR,#053H
              ; SOURCE LINE # 125 
001D A604                              LD     A,#004H
001F CA514C                            OR     A,RTC_ISR1
0022 B703       F                      LD     ?BH,A
0024 550003514C F                      MOV    RTC_ISR1,?BH
              ; SOURCE LINE # 126 
0029 35CA5159                          MOV    RTC_WPR,#0CAH
              ; SOURCE LINE # 127 
002D 35535159                          MOV    RTC_WPR,#053H
              ; SOURCE LINE # 128 
0031 35005149                          MOV    RTC_CR2,#000H
              ; SOURCE LINE # 129 
0035 35CA5159                          MOV    RTC_WPR,#0CAH
              ; SOURCE LINE # 130 
0039 35535159                          MOV    RTC_WPR,#053H
              ; SOURCE LINE # 131 
003D 1E01       F                      LDW    X,(001H,SP)   ; [ t ]
003F 4F                                CLR    A
0040 01                                RRWA   X,A
0041 9F                                LD     A,XL
0042 C75154                            LD     RTC_WUTRH,A
              ; SOURCE LINE # 132 
0045 35CA5159                          MOV    RTC_WPR,#0CAH
              ; SOURCE LINE # 133 
0049 35535159                          MOV    RTC_WPR,#053H
              ; SOURCE LINE # 134 
004D 7B02       F                      LD     A,(002H,SP)   ; [ t + 01H ]
004F C75155                            LD     RTC_WUTRL,A
              ; SOURCE LINE # 135 
0052 35CA5159                          MOV    RTC_WPR,#0CAH
              ; SOURCE LINE # 136 
0056 35535159                          MOV    RTC_WPR,#053H
              ; SOURCE LINE # 137 
005A 35445149                          MOV    RTC_CR2,#044H
              ; SOURCE LINE # 138 
005E 35CA5159                          MOV    RTC_WPR,#0CAH
              ; SOURCE LINE # 139 
0062 35535159                          MOV    RTC_WPR,#053H
              ; SOURCE LINE # 140 
0066 A67B                              LD     A,#07BH
0068 C4514C                            AND    A,RTC_ISR1
006B B703       F                      LD     ?BH,A
006D 550003514C F                      MOV    RTC_ISR1,?BH
              ; SOURCE LINE # 141 
0072 CD0000     F                      CALL   ?RTC_lock
0075         ?EPILOG_0002:
0075 85                                POPW   X
0076 81                                RET    
              ; t            unsigned short  (size=2-Alg). Automatic variable  in AUTO

              ; FUNCTION ?setWKUP (END)

RCSTM8 COMPILER V2.28.10.092
NAME                                    CLASS   MSPACE  TYPE    OFFSET  SIZE
====                                    =====   ======  ====    ======  ====

PA_ODR . . . . . . . . . . . . . . . .  HREG     hreg    U_CHAR  005000H 1      
PA_IDR . . . . . . . . . . . . . . . .  HREG     hreg    U_CHAR  005001H 1      
PA_DDR . . . . . . . . . . . . . . . .  HREG     hreg    U_CHAR  005002H 1      
PA_CR1 . . . . . . . . . . . . . . . .  HREG     hreg    U_CHAR  005003H 1      
PA_CR2 . . . . . . . . . . . . . . . .  HREG     hreg    U_CHAR  005004H 1      
PB_ODR . . . . . . . . . . . . . . . .  HREG     hreg    U_CHAR  005005H 1      
PB_IDR . . . . . . . . . . . . . . . .  HREG     hreg    U_CHAR  005006H 1      
PB_DDR . . . . . . . . . . . . . . . .  HREG     hreg    U_CHAR  005007H 1      
PB_CR1 . . . . . . . . . . . . . . . .  HREG     hreg    U_CHAR  005008H 1      
PB_CR2 . . . . . . . . . . . . . . . .  HREG     hreg    U_CHAR  005009H 1      
PC_ODR . . . . . . . . . . . . . . . .  HREG     hreg    U_CHAR  00500AH 1      
PC_IDR . . . . . . . . . . . . . . . .  HREG     hreg    U_CHAR  00500BH 1      
PC_DDR . . . . . . . . . . . . . . . .  HREG     hreg    U_CHAR  00500CH 1      
PC_CR1 . . . . . . . . . . . . . . . .  HREG     hreg    U_CHAR  00500DH 1      
PC_CR2 . . . . . . . . . . . . . . . .  HREG     hreg    U_CHAR  00500EH 1      
PD_ODR . . . . . . . . . . . . . . . .  HREG     hreg    U_CHAR  00500FH 1      
PD_IDR . . . . . . . . . . . . . . . .  HREG     hreg    U_CHAR  005010H 1      
PD_DDR . . . . . . . . . . . . . . . .  HREG     hreg    U_CHAR  005011H 1      
PD_CR1 . . . . . . . . . . . . . . . .  HREG     hreg    U_CHAR  005012H 1      
PD_CR2 . . . . . . . . . . . . . . . .  HREG     hreg    U_CHAR  005013H 1      
PE_ODR . . . . . . . . . . . . . . . .  HREG     hreg    U_CHAR  005014H 1      
PE_IDR . . . . . . . . . . . . . . . .  HREG     hreg    U_CHAR  005015H 1      
PE_DDR . . . . . . . . . . . . . . . .  HREG     hreg    U_CHAR  005016H 1      
PE_CR1 . . . . . . . . . . . . . . . .  HREG     hreg    U_CHAR  005017H 1      
PE_CR2 . . . . . . . . . . . . . . . .  HREG     hreg    U_CHAR  005018H 1      
PF_ODR . . . . . . . . . . . . . . . .  HREG     hreg    U_CHAR  005019H 1      
PF_IDR . . . . . . . . . . . . . . . .  HREG     hreg    U_CHAR  00501AH 1      
PF_DDR . . . . . . . . . . . . . . . .  HREG     hreg    U_CHAR  00501BH 1      
PF_CR1 . . . . . . . . . . . . . . . .  HREG     hreg    U_CHAR  00501CH 1      
PF_CR2 . . . . . . . . . . . . . . . .  HREG     hreg    U_CHAR  00501DH 1      
FLASH_CR1. . . . . . . . . . . . . . .  HREG     hreg    U_CHAR  005050H 1      
FLASH_CR2. . . . . . . . . . . . . . .  HREG     hreg    U_CHAR  005051H 1      
FLASH_PUKR . . . . . . . . . . . . . .  HREG     hreg    U_CHAR  005052H 1      
FLASH_DUKR . . . . . . . . . . . . . .  HREG     hreg    U_CHAR  005053H 1      
FLASH_IAPSR. . . . . . . . . . . . . .  HREG     hreg    U_CHAR  005054H 1      
DMA1_GCSR. . . . . . . . . . . . . . .  HREG     hreg    U_CHAR  005070H 1      
DMA1_GIR1. . . . . . . . . . . . . . .  HREG     hreg    U_CHAR  005071H 1      
DMA1_C0CR. . . . . . . . . . . . . . .  HREG     hreg    U_CHAR  005075H 1      
DMA1_C0SPR . . . . . . . . . . . . . .  HREG     hreg    U_CHAR  005076H 1      
DMA1_C0NDTR. . . . . . . . . . . . . .  HREG     hreg    U_CHAR  005077H 1      
DMA1_C0PAR . . . . . . . . . . . . . .  HREG16   hreg16  U_INT   005078H 2      
DMA1_C0PARH. . . . . . . . . . . . . .  HREG     hreg    U_CHAR  005078H 1      
DMA1_C0PARL. . . . . . . . . . . . . .  HREG     hreg    U_CHAR  005079H 1      
DMA1_C0M0AR. . . . . . . . . . . . . .  HREG16   hreg16  U_INT   00507BH 2      
DMA1_C0M0ARH . . . . . . . . . . . . .  HREG     hreg    U_CHAR  00507BH 1      
DMA1_C0M0ARL . . . . . . . . . . . . .  HREG     hreg    U_CHAR  00507CH 1      
DMA1_C1CR. . . . . . . . . . . . . . .  HREG     hreg    U_CHAR  00507FH 1      
DMA1_C1SPR . . . . . . . . . . . . . .  HREG     hreg    U_CHAR  005080H 1      
DMA1_C1NDTR. . . . . . . . . . . . . .  HREG     hreg    U_CHAR  005081H 1      
DMA1_C1PAR . . . . . . . . . . . . . .  HREG16   hreg16  U_INT   005082H 2      
DMA1_C1PARH. . . . . . . . . . . . . .  HREG     hreg    U_CHAR  005082H 1      
DMA1_C1PARL. . . . . . . . . . . . . .  HREG     hreg    U_CHAR  005083H 1      
DMA1_C1M0AR. . . . . . . . . . . . . .  HREG16   hreg16  U_INT   005085H 2      
DMA1_C1M0ARH . . . . . . . . . . . . .  HREG     hreg    U_CHAR  005085H 1      
DMA1_C1M0ARL . . . . . . . . . . . . .  HREG     hreg    U_CHAR  005086H 1      
DMA1_C2CR. . . . . . . . . . . . . . .  HREG     hreg    U_CHAR  005089H 1      
DMA1_C2SPR . . . . . . . . . . . . . .  HREG     hreg    U_CHAR  00508AH 1      
DMA1_C2NDTR. . . . . . . . . . . . . .  HREG     hreg    U_CHAR  00508BH 1      
DMA1_C2PAR . . . . . . . . . . . . . .  HREG16   hreg16  U_INT   00508CH 2      
DMA1_C2PARH. . . . . . . . . . . . . .  HREG     hreg    U_CHAR  00508CH 1      
DMA1_C2PARL. . . . . . . . . . . . . .  HREG     hreg    U_CHAR  00508DH 1      
DMA1_C2M0AR. . . . . . . . . . . . . .  HREG16   hreg16  U_INT   00508FH 2      
DMA1_C2M0ARH . . . . . . . . . . . . .  HREG     hreg    U_CHAR  00508FH 1      
DMA1_C2M0ARL . . . . . . . . . . . . .  HREG     hreg    U_CHAR  005090H 1      
DMA1_C3CR. . . . . . . . . . . . . . .  HREG     hreg    U_CHAR  005093H 1      
DMA1_C3SPR . . . . . . . . . . . . . .  HREG     hreg    U_CHAR  005094H 1      
DMA1_C3NDTR. . . . . . . . . . . . . .  HREG     hreg    U_CHAR  005095H 1      
DMA1_C3PAR_C3M1AR. . . . . . . . . . .  HREG16   hreg16  U_INT   005096H 2      
DMA1_C3PARH_C3M1ARH. . . . . . . . . .  HREG     hreg    U_CHAR  005096H 1      
DMA1_C3PARL_C3M1ARL. . . . . . . . . .  HREG     hreg    U_CHAR  005097H 1      
DMA1_C3M0AR. . . . . . . . . . . . . .  HREG16   hreg16  U_INT   005099H 2      
DMA1_C3M0ARH . . . . . . . . . . . . .  HREG     hreg    U_CHAR  005099H 1      
DMA1_C3M0ARL . . . . . . . . . . . . .  HREG     hreg    U_CHAR  00509AH 1      
SYSCFG_RMPCR1. . . . . . . . . . . . .  HREG     hreg    U_CHAR  00509EH 1      
SYSCFG_RMPCR2. . . . . . . . . . . . .  HREG     hreg    U_CHAR  00509FH 1      
EXTI_CR1 . . . . . . . . . . . . . . .  HREG     hreg    U_CHAR  0050A0H 1      
EXTI_CR2 . . . . . . . . . . . . . . .  HREG     hreg    U_CHAR  0050A1H 1      
EXTI_CR3 . . . . . . . . . . . . . . .  HREG     hreg    U_CHAR  0050A2H 1      
EXTI_SR1 . . . . . . . . . . . . . . .  HREG     hreg    U_CHAR  0050A3H 1      
EXTI_SR2 . . . . . . . . . . . . . . .  HREG     hreg    U_CHAR  0050A4H 1      
EXTI_CONF. . . . . . . . . . . . . . .  HREG     hreg    U_CHAR  0050A5H 1      
WFE_CR1. . . . . . . . . . . . . . . .  HREG     hreg    U_CHAR  0050A6H 1      
WFE_CR2. . . . . . . . . . . . . . . .  HREG     hreg    U_CHAR  0050A7H 1      
WFE_CR3. . . . . . . . . . . . . . . .  HREG     hreg    U_CHAR  0050A8H 1      
RST_CR . . . . . . . . . . . . . . . .  HREG     hreg    U_CHAR  0050B0H 1      
RST_SR . . . . . . . . . . . . . . . .  HREG     hreg    U_CHAR  0050B1H 1      
PWR_CSR1 . . . . . . . . . . . . . . .  HREG     hreg    U_CHAR  0050B2H 1      
PWR_CSR2 . . . . . . . . . . . . . . .  HREG     hreg    U_CHAR  0050B3H 1      
CLK_CKDIVR . . . . . . . . . . . . . .  HREG     hreg    U_CHAR  0050C0H 1      
CLK_CRTCR. . . . . . . . . . . . . . .  HREG     hreg    U_CHAR  0050C1H 1      
CLK_ICKCR. . . . . . . . . . . . . . .  HREG     hreg    U_CHAR  0050C2H 1      
CLK_PCKENR1. . . . . . . . . . . . . .  HREG     hreg    U_CHAR  0050C3H 1      
CLK_PCKENR2. . . . . . . . . . . . . .  HREG     hreg    U_CHAR  0050C4H 1      
CLK_CCOR . . . . . . . . . . . . . . .  HREG     hreg    U_CHAR  0050C5H 1      
CLK_ECKCR. . . . . . . . . . . . . . .  HREG     hreg    U_CHAR  0050C6H 1      
CLK_SCSR . . . . . . . . . . . . . . .  HREG     hreg    U_CHAR  0050C7H 1      
CLK_SWR. . . . . . . . . . . . . . . .  HREG     hreg    U_CHAR  0050C8H 1      
CLK_SWCR . . . . . . . . . . . . . . .  HREG     hreg    U_CHAR  0050C9H 1      
CLK_CSSR . . . . . . . . . . . . . . .  HREG     hreg    U_CHAR  0050CAH 1      
CLK_CBEEPR . . . . . . . . . . . . . .  HREG     hreg    U_CHAR  0050CBH 1      
CLK_HSICALR. . . . . . . . . . . . . .  HREG     hreg    U_CHAR  0050CCH 1      
CLK_HSITRIMR . . . . . . . . . . . . .  HREG     hreg    U_CHAR  0050CDH 1      
CLK_HSIUNLCKR. . . . . . . . . . . . .  HREG     hreg    U_CHAR  0050CEH 1      
CLK_REGCSR . . . . . . . . . . . . . .  HREG     hreg    U_CHAR  0050CFH 1      
WWDG_CR. . . . . . . . . . . . . . . .  HREG     hreg    U_CHAR  0050D3H 1      
WWDG_WR. . . . . . . . . . . . . . . .  HREG     hreg    U_CHAR  0050D4H 1      
IWDG_KR. . . . . . . . . . . . . . . .  HREG     hreg    U_CHAR  0050E0H 1      
IWDG_PR. . . . . . . . . . . . . . . .  HREG     hreg    U_CHAR  0050E1H 1      
IWDG_RLR . . . . . . . . . . . . . . .  HREG     hreg    U_CHAR  0050E2H 1      
BEEP_CSR1. . . . . . . . . . . . . . .  HREG     hreg    U_CHAR  0050F0H 1      
BEEP_CSR2. . . . . . . . . . . . . . .  HREG     hreg    U_CHAR  0050F3H 1      
RTC_TR1. . . . . . . . . . . . . . . .  HREG     hreg    U_CHAR  005140H 1      
RTC_TR2. . . . . . . . . . . . . . . .  HREG     hreg    U_CHAR  005141H 1      
RTC_TR3. . . . . . . . . . . . . . . .  HREG     hreg    U_CHAR  005142H 1      
RTC_DR1. . . . . . . . . . . . . . . .  HREG     hreg    U_CHAR  005144H 1      
RTC_DR2. . . . . . . . . . . . . . . .  HREG     hreg    U_CHAR  005145H 1      
RTC_DR3. . . . . . . . . . . . . . . .  HREG     hreg    U_CHAR  005146H 1      
RTC_CR1. . . . . . . . . . . . . . . .  HREG     hreg    U_CHAR  005148H 1      
RTC_CR2. . . . . . . . . . . . . . . .  HREG     hreg    U_CHAR  005149H 1      
RTC_CR3. . . . . . . . . . . . . . . .  HREG     hreg    U_CHAR  00514AH 1      
RTC_ISR1 . . . . . . . . . . . . . . .  HREG     hreg    U_CHAR  00514CH 1      
RTC_ISR2 . . . . . . . . . . . . . . .  HREG     hreg    U_CHAR  00514DH 1      
RTC_SPRER. . . . . . . . . . . . . . .  HREG16   hreg16  U_INT   005150H 2      
RTC_SPRERH . . . . . . . . . . . . . .  HREG     hreg    U_CHAR  005150H 1      
RTC_SPRERL . . . . . . . . . . . . . .  HREG     hreg    U_CHAR  005151H 1      
RTC_APRER. . . . . . . . . . . . . . .  HREG     hreg    U_CHAR  005152H 1      
RTC_WUTR . . . . . . . . . . . . . . .  HREG16   hreg16  U_INT   005154H 2      
RTC_WUTRH. . . . . . . . . . . . . . .  HREG     hreg    U_CHAR  005154H 1      
RTC_WUTRL. . . . . . . . . . . . . . .  HREG     hreg    U_CHAR  005155H 1      
RTC_WPR. . . . . . . . . . . . . . . .  HREG     hreg    U_CHAR  005159H 1      
RTC_ALRMAR1. . . . . . . . . . . . . .  HREG     hreg    U_CHAR  00515CH 1      
RTC_ALRMAR2. . . . . . . . . . . . . .  HREG     hreg    U_CHAR  00515DH 1      
RTC_ALRMAR3. . . . . . . . . . . . . .  HREG     hreg    U_CHAR  00515EH 1      
RTC_ALRMAR4. . . . . . . . . . . . . .  HREG     hreg    U_CHAR  00515FH 1      
SPI1_CR1 . . . . . . . . . . . . . . .  HREG     hreg    U_CHAR  005200H 1      
SPI1_CR2 . . . . . . . . . . . . . . .  HREG     hreg    U_CHAR  005201H 1      
SPI1_ICR . . . . . . . . . . . . . . .  HREG     hreg    U_CHAR  005202H 1      
SPI1_SR. . . . . . . . . . . . . . . .  HREG     hreg    U_CHAR  005203H 1      
SPI1_DR. . . . . . . . . . . . . . . .  HREG     hreg    U_CHAR  005204H 1      
SPI1_CRCPR . . . . . . . . . . . . . .  HREG     hreg    U_CHAR  005205H 1      
SPI1_RXCRCR. . . . . . . . . . . . . .  HREG     hreg    U_CHAR  005206H 1      
SPI1_TXCRCR. . . . . . . . . . . . . .  HREG     hreg    U_CHAR  005207H 1      
I2C1_CR1 . . . . . . . . . . . . . . .  HREG     hreg    U_CHAR  005210H 1      
I2C1_CR2 . . . . . . . . . . . . . . .  HREG     hreg    U_CHAR  005211H 1      
I2C1_FREQR . . . . . . . . . . . . . .  HREG     hreg    U_CHAR  005212H 1      
I2C1_OARL. . . . . . . . . . . . . . .  HREG     hreg    U_CHAR  005213H 1      
I2C1_OARH. . . . . . . . . . . . . . .  HREG     hreg    U_CHAR  005214H 1      
I2C1_DR. . . . . . . . . . . . . . . .  HREG     hreg    U_CHAR  005216H 1      
I2C1_SR1 . . . . . . . . . . . . . . .  HREG     hreg    U_CHAR  005217H 1      
I2C1_SR2 . . . . . . . . . . . . . . .  HREG     hreg    U_CHAR  005218H 1      
I2C1_SR3 . . . . . . . . . . . . . . .  HREG     hreg    U_CHAR  005219H 1      
I2C1_ITR . . . . . . . . . . . . . . .  HREG     hreg    U_CHAR  00521AH 1      
I2C1_CCRL. . . . . . . . . . . . . . .  HREG     hreg    U_CHAR  00521BH 1      
I2C1_CCRH. . . . . . . . . . . . . . .  HREG     hreg    U_CHAR  00521CH 1      
I2C1_TRISER. . . . . . . . . . . . . .  HREG     hreg    U_CHAR  00521DH 1      
I2C1_PECR. . . . . . . . . . . . . . .  HREG     hreg    U_CHAR  00521EH 1      
USART1_SR. . . . . . . . . . . . . . .  HREG     hreg    U_CHAR  005230H 1      
USART1_DR. . . . . . . . . . . . . . .  HREG     hreg    U_CHAR  005231H 1      
USART1_BRR1. . . . . . . . . . . . . .  HREG     hreg    U_CHAR  005232H 1      
USART1_BRR2. . . . . . . . . . . . . .  HREG     hreg    U_CHAR  005233H 1      
USART1_CR1 . . . . . . . . . . . . . .  HREG     hreg    U_CHAR  005234H 1      
USART1_CR2 . . . . . . . . . . . . . .  HREG     hreg    U_CHAR  005235H 1      
USART1_CR3 . . . . . . . . . . . . . .  HREG     hreg    U_CHAR  005236H 1      
USART1_CR4 . . . . . . . . . . . . . .  HREG     hreg    U_CHAR  005237H 1      
USART1_CR5 . . . . . . . . . . . . . .  HREG     hreg    U_CHAR  005238H 1      
USART1_GTR . . . . . . . . . . . . . .  HREG     hreg    U_CHAR  005239H 1      
USART1_PSCR. . . . . . . . . . . . . .  HREG     hreg    U_CHAR  00523AH 1      
TIM2_CR1 . . . . . . . . . . . . . . .  HREG     hreg    U_CHAR  005250H 1      
TIM2_CR2 . . . . . . . . . . . . . . .  HREG     hreg    U_CHAR  005251H 1      
TIM2_SMCR. . . . . . . . . . . . . . .  HREG     hreg    U_CHAR  005252H 1      
TIM2_ETR . . . . . . . . . . . . . . .  HREG     hreg    U_CHAR  005253H 1      
TIM2_DER . . . . . . . . . . . . . . .  HREG     hreg    U_CHAR  005254H 1      
TIM2_IER . . . . . . . . . . . . . . .  HREG     hreg    U_CHAR  005255H 1      
TIM2_SR1 . . . . . . . . . . . . . . .  HREG     hreg    U_CHAR  005256H 1      
TIM2_SR2 . . . . . . . . . . . . . . .  HREG     hreg    U_CHAR  005257H 1      
TIM2_EGR . . . . . . . . . . . . . . .  HREG     hreg    U_CHAR  005258H 1      
TIM2_CCMR1 . . . . . . . . . . . . . .  HREG     hreg    U_CHAR  005259H 1      
TIM2_CCMR2 . . . . . . . . . . . . . .  HREG     hreg    U_CHAR  00525AH 1      
TIM2_CCER1 . . . . . . . . . . . . . .  HREG     hreg    U_CHAR  00525BH 1      
TIM2_CNTR. . . . . . . . . . . . . . .  HREG16   hreg16  U_INT   00525CH 2      
TIM2_CNTRH . . . . . . . . . . . . . .  HREG     hreg    U_CHAR  00525CH 1      
TIM2_CNTRL . . . . . . . . . . . . . .  HREG     hreg    U_CHAR  00525DH 1      
TIM2_PSCR. . . . . . . . . . . . . . .  HREG     hreg    U_CHAR  00525EH 1      
TIM2_ARR . . . . . . . . . . . . . . .  HREG16   hreg16  U_INT   00525FH 2      
TIM2_ARRH. . . . . . . . . . . . . . .  HREG     hreg    U_CHAR  00525FH 1      
TIM2_ARRL. . . . . . . . . . . . . . .  HREG     hreg    U_CHAR  005260H 1      
TIM2_CCR1. . . . . . . . . . . . . . .  HREG16   hreg16  U_INT   005261H 2      
TIM2_CCR1H . . . . . . . . . . . . . .  HREG     hreg    U_CHAR  005261H 1      
TIM2_CCR1L . . . . . . . . . . . . . .  HREG     hreg    U_CHAR  005262H 1      
TIM2_CCR2. . . . . . . . . . . . . . .  HREG16   hreg16  U_INT   005263H 2      
TIM2_CCR2H . . . . . . . . . . . . . .  HREG     hreg    U_CHAR  005263H 1      
TIM2_CCR2L . . . . . . . . . . . . . .  HREG     hreg    U_CHAR  005264H 1      
TIM2_BKR . . . . . . . . . . . . . . .  HREG     hreg    U_CHAR  005265H 1      
TIM2_OISR. . . . . . . . . . . . . . .  HREG     hreg    U_CHAR  005266H 1      
TIM3_CR1 . . . . . . . . . . . . . . .  HREG     hreg    U_CHAR  005280H 1      
TIM3_CR2 . . . . . . . . . . . . . . .  HREG     hreg    U_CHAR  005281H 1      
TIM3_SMCR. . . . . . . . . . . . . . .  HREG     hreg    U_CHAR  005282H 1      
TIM3_ETR . . . . . . . . . . . . . . .  HREG     hreg    U_CHAR  005283H 1      
TIM3_DER . . . . . . . . . . . . . . .  HREG     hreg    U_CHAR  005284H 1      
TIM3_IER . . . . . . . . . . . . . . .  HREG     hreg    U_CHAR  005285H 1      
TIM3_SR1 . . . . . . . . . . . . . . .  HREG     hreg    U_CHAR  005286H 1      
TIM3_SR2 . . . . . . . . . . . . . . .  HREG     hreg    U_CHAR  005287H 1      
TIM3_EGR . . . . . . . . . . . . . . .  HREG     hreg    U_CHAR  005288H 1      
TIM3_CCMR1 . . . . . . . . . . . . . .  HREG     hreg    U_CHAR  005289H 1      
TIM3_CCMR2 . . . . . . . . . . . . . .  HREG     hreg    U_CHAR  00528AH 1      
TIM3_CCER1 . . . . . . . . . . . . . .  HREG     hreg    U_CHAR  00528BH 1      
TIM3_CNTR. . . . . . . . . . . . . . .  HREG16   hreg16  U_INT   00528CH 2      
TIM3_CNTRH . . . . . . . . . . . . . .  HREG     hreg    U_CHAR  00528CH 1      
TIM3_CNTRL . . . . . . . . . . . . . .  HREG     hreg    U_CHAR  00528DH 1      
TIM3_PSCR. . . . . . . . . . . . . . .  HREG     hreg    U_CHAR  00528EH 1      
TIM3_ARR . . . . . . . . . . . . . . .  HREG16   hreg16  U_INT   00528FH 2      
TIM3_ARRH. . . . . . . . . . . . . . .  HREG     hreg    U_CHAR  00528FH 1      
TIM3_ARRL. . . . . . . . . . . . . . .  HREG     hreg    U_CHAR  005290H 1      
TIM3_CCR1. . . . . . . . . . . . . . .  HREG16   hreg16  U_INT   005291H 2      
TIM3_CCR1H . . . . . . . . . . . . . .  HREG     hreg    U_CHAR  005291H 1      
TIM3_CCR1L . . . . . . . . . . . . . .  HREG     hreg    U_CHAR  005292H 1      
TIM3_CCR2. . . . . . . . . . . . . . .  HREG16   hreg16  U_INT   005293H 2      
TIM3_CCR2H . . . . . . . . . . . . . .  HREG     hreg    U_CHAR  005293H 1      
TIM3_CCR2L . . . . . . . . . . . . . .  HREG     hreg    U_CHAR  005294H 1      
TIM3_BKR . . . . . . . . . . . . . . .  HREG     hreg    U_CHAR  005295H 1      
TIM3_OISR. . . . . . . . . . . . . . .  HREG     hreg    U_CHAR  005296H 1      
TIM1_CR1 . . . . . . . . . . . . . . .  HREG     hreg    U_CHAR  0052B0H 1      
TIM1_CR2 . . . . . . . . . . . . . . .  HREG     hreg    U_CHAR  0052B1H 1      
TIM1_SMCR. . . . . . . . . . . . . . .  HREG     hreg    U_CHAR  0052B2H 1      
TIM1_ETR . . . . . . . . . . . . . . .  HREG     hreg    U_CHAR  0052B3H 1      
TIM1_DER . . . . . . . . . . . . . . .  HREG     hreg    U_CHAR  0052B4H 1      
TIM1_IER . . . . . . . . . . . . . . .  HREG     hreg    U_CHAR  0052B5H 1      
TIM1_SR1 . . . . . . . . . . . . . . .  HREG     hreg    U_CHAR  0052B6H 1      
TIM1_SR2 . . . . . . . . . . . . . . .  HREG     hreg    U_CHAR  0052B7H 1      
TIM1_EGR . . . . . . . . . . . . . . .  HREG     hreg    U_CHAR  0052B8H 1      
TIM1_CCMR1 . . . . . . . . . . . . . .  HREG     hreg    U_CHAR  0052B9H 1      
TIM1_CCMR2 . . . . . . . . . . . . . .  HREG     hreg    U_CHAR  0052BAH 1      
TIM1_CCMR3 . . . . . . . . . . . . . .  HREG     hreg    U_CHAR  0052BBH 1      
TIM1_CCMR4 . . . . . . . . . . . . . .  HREG     hreg    U_CHAR  0052BCH 1      
TIM1_CCER1 . . . . . . . . . . . . . .  HREG     hreg    U_CHAR  0052BDH 1      
TIM1_CCER2 . . . . . . . . . . . . . .  HREG     hreg    U_CHAR  0052BEH 1      
TIM1_CNTR. . . . . . . . . . . . . . .  HREG16   hreg16  U_INT   0052BFH 2      
TIM1_CNTRH . . . . . . . . . . . . . .  HREG     hreg    U_CHAR  0052BFH 1      
TIM1_CNTRL . . . . . . . . . . . . . .  HREG     hreg    U_CHAR  0052C0H 1      
TIM1_PSCR. . . . . . . . . . . . . . .  HREG16   hreg16  U_INT   0052C1H 2      
TIM1_PSCRH . . . . . . . . . . . . . .  HREG     hreg    U_CHAR  0052C1H 1      
TIM1_PSCRL . . . . . . . . . . . . . .  HREG     hreg    U_CHAR  0052C2H 1      
TIM1_ARR . . . . . . . . . . . . . . .  HREG16   hreg16  U_INT   0052C3H 2      
TIM1_ARRH. . . . . . . . . . . . . . .  HREG     hreg    U_CHAR  0052C3H 1      
TIM1_ARRL. . . . . . . . . . . . . . .  HREG     hreg    U_CHAR  0052C4H 1      
TIM1_RCR . . . . . . . . . . . . . . .  HREG     hreg    U_CHAR  0052C5H 1      
TIM1_CCR1. . . . . . . . . . . . . . .  HREG16   hreg16  U_INT   0052C6H 2      
TIM1_CCR1H . . . . . . . . . . . . . .  HREG     hreg    U_CHAR  0052C6H 1      
TIM1_CCR1L . . . . . . . . . . . . . .  HREG     hreg    U_CHAR  0052C7H 1      
TIM1_CCR2. . . . . . . . . . . . . . .  HREG16   hreg16  U_INT   0052C8H 2      
TIM1_CCR2H . . . . . . . . . . . . . .  HREG     hreg    U_CHAR  0052C8H 1      
TIM1_CCR2L . . . . . . . . . . . . . .  HREG     hreg    U_CHAR  0052C9H 1      
TIM1_CCR3. . . . . . . . . . . . . . .  HREG16   hreg16  U_INT   0052CAH 2      
TIM1_CCR3H . . . . . . . . . . . . . .  HREG     hreg    U_CHAR  0052CAH 1      
TIM1_CCR3L . . . . . . . . . . . . . .  HREG     hreg    U_CHAR  0052CBH 1      
TIM1_CCR4. . . . . . . . . . . . . . .  HREG16   hreg16  U_INT   0052CCH 2      
TIM1_CCR4H . . . . . . . . . . . . . .  HREG     hreg    U_CHAR  0052CCH 1      
TIM1_CCR4L . . . . . . . . . . . . . .  HREG     hreg    U_CHAR  0052CDH 1      
TIM1_BKR . . . . . . . . . . . . . . .  HREG     hreg    U_CHAR  0052CEH 1      
TIM1_DTR . . . . . . . . . . . . . . .  HREG     hreg    U_CHAR  0052CFH 1      
TIM1_OISR. . . . . . . . . . . . . . .  HREG     hreg    U_CHAR  0052D0H 1      
TIM1_DCR1. . . . . . . . . . . . . . .  HREG     hreg    U_CHAR  0052D1H 1      
TIM1_DCR2. . . . . . . . . . . . . . .  HREG     hreg    U_CHAR  0052D2H 1      
TIM1_DMAR. . . . . . . . . . . . . . .  HREG     hreg    U_CHAR  0052D3H 1      
TIM4_CR1 . . . . . . . . . . . . . . .  HREG     hreg    U_CHAR  0052E0H 1      
TIM4_CR2 . . . . . . . . . . . . . . .  HREG     hreg    U_CHAR  0052E1H 1      
TIM4_SMCR. . . . . . . . . . . . . . .  HREG     hreg    U_CHAR  0052E2H 1      
TIM4_DER . . . . . . . . . . . . . . .  HREG     hreg    U_CHAR  0052E3H 1      
TIM4_IER . . . . . . . . . . . . . . .  HREG     hreg    U_CHAR  0052E4H 1      
TIM4_SR1 . . . . . . . . . . . . . . .  HREG     hreg    U_CHAR  0052E5H 1      
TIM4_EGR . . . . . . . . . . . . . . .  HREG     hreg    U_CHAR  0052E6H 1      
TIM4_CNTR. . . . . . . . . . . . . . .  HREG     hreg    U_CHAR  0052E7H 1      
TIM4_PSCR. . . . . . . . . . . . . . .  HREG     hreg    U_CHAR  0052E8H 1      
TIM4_ARR . . . . . . . . . . . . . . .  HREG     hreg    U_CHAR  0052E9H 1      
IR_CR. . . . . . . . . . . . . . . . .  HREG     hreg    U_CHAR  0052FFH 1      
ADC1_CR1 . . . . . . . . . . . . . . .  HREG     hreg    U_CHAR  005340H 1      
ADC1_CR2 . . . . . . . . . . . . . . .  HREG     hreg    U_CHAR  005341H 1      
ADC1_CR3 . . . . . . . . . . . . . . .  HREG     hreg    U_CHAR  005342H 1      
ADC1_SR. . . . . . . . . . . . . . . .  HREG     hreg    U_CHAR  005343H 1      
ADC1_DR. . . . . . . . . . . . . . . .  HREG16   hreg16  U_INT   005344H 2      
ADC1_DRH . . . . . . . . . . . . . . .  HREG     hreg    U_CHAR  005344H 1      
ADC1_DRL . . . . . . . . . . . . . . .  HREG     hreg    U_CHAR  005345H 1      
ADC1_HTR . . . . . . . . . . . . . . .  HREG16   hreg16  U_INT   005346H 2      
ADC1_HTRH. . . . . . . . . . . . . . .  HREG     hreg    U_CHAR  005346H 1      
ADC1_HTRL. . . . . . . . . . . . . . .  HREG     hreg    U_CHAR  005347H 1      
ADC1_LTR . . . . . . . . . . . . . . .  HREG16   hreg16  U_INT   005348H 2      
ADC1_LTRH. . . . . . . . . . . . . . .  HREG     hreg    U_CHAR  005348H 1      
ADC1_LTRL. . . . . . . . . . . . . . .  HREG     hreg    U_CHAR  005349H 1      
ADC1_SQR1. . . . . . . . . . . . . . .  HREG     hreg    U_CHAR  00534AH 1      
ADC1_SQR2. . . . . . . . . . . . . . .  HREG     hreg    U_CHAR  00534BH 1      
ADC1_SQR3. . . . . . . . . . . . . . .  HREG     hreg    U_CHAR  00534CH 1      
ADC1_SQR4. . . . . . . . . . . . . . .  HREG     hreg    U_CHAR  00534DH 1      
ADC1_TRIGR1. . . . . . . . . . . . . .  HREG     hreg    U_CHAR  00534EH 1      
ADC1_TRIGR2. . . . . . . . . . . . . .  HREG     hreg    U_CHAR  00534FH 1      
ADC1_TRIGR3. . . . . . . . . . . . . .  HREG     hreg    U_CHAR  005350H 1      
ADC1_TRIGR4. . . . . . . . . . . . . .  HREG     hreg    U_CHAR  005351H 1      
DAC_CR1. . . . . . . . . . . . . . . .  HREG     hreg    U_CHAR  005380H 1      
DAC_CR2. . . . . . . . . . . . . . . .  HREG     hreg    U_CHAR  005381H 1      
DAC_SWTRIGR. . . . . . . . . . . . . .  HREG     hreg    U_CHAR  005384H 1      
DAC_SR . . . . . . . . . . . . . . . .  HREG     hreg    U_CHAR  005385H 1      
DAC_RDHR . . . . . . . . . . . . . . .  HREG16   hreg16  U_INT   005388H 2      
DAC_RDHRH. . . . . . . . . . . . . . .  HREG     hreg    U_CHAR  005388H 1      
DAC_RDHRL. . . . . . . . . . . . . . .  HREG     hreg    U_CHAR  005389H 1      
DAC_LDHR . . . . . . . . . . . . . . .  HREG16   hreg16  U_INT   00538CH 2      
DAC_LDHRH. . . . . . . . . . . . . . .  HREG     hreg    U_CHAR  00538CH 1      
DAC_LDHRL. . . . . . . . . . . . . . .  HREG     hreg    U_CHAR  00538DH 1      
DAC_DHR8 . . . . . . . . . . . . . . .  HREG     hreg    U_CHAR  005390H 1      
DAC_DOR. . . . . . . . . . . . . . . .  HREG16   hreg16  U_INT   0053ACH 2      
DAC_DORH . . . . . . . . . . . . . . .  HREG     hreg    U_CHAR  0053ACH 1      
DAC_DORL . . . . . . . . . . . . . . .  HREG     hreg    U_CHAR  0053ADH 1      
RI_ICR1. . . . . . . . . . . . . . . .  HREG     hreg    U_CHAR  005431H 1      
RI_ICR2. . . . . . . . . . . . . . . .  HREG     hreg    U_CHAR  005432H 1      
RI_IOIR1 . . . . . . . . . . . . . . .  HREG     hreg    U_CHAR  005433H 1      
RI_IOIR2 . . . . . . . . . . . . . . .  HREG     hreg    U_CHAR  005434H 1      
RI_IOIR3 . . . . . . . . . . . . . . .  HREG     hreg    U_CHAR  005435H 1      
RI_IOCMR1. . . . . . . . . . . . . . .  HREG     hreg    U_CHAR  005436H 1      
RI_IOCMR2. . . . . . . . . . . . . . .  HREG     hreg    U_CHAR  005437H 1      
RI_IOCMR3. . . . . . . . . . . . . . .  HREG     hreg    U_CHAR  005438H 1      
RI_IOSR1 . . . . . . . . . . . . . . .  HREG     hreg    U_CHAR  005439H 1      
RI_IOSR2 . . . . . . . . . . . . . . .  HREG     hreg    U_CHAR  00543AH 1      
RI_IOSR3 . . . . . . . . . . . . . . .  HREG     hreg    U_CHAR  00543BH 1      
RI_IOGCR . . . . . . . . . . . . . . .  HREG     hreg    U_CHAR  00543CH 1      
RI_ASCR1 . . . . . . . . . . . . . . .  HREG     hreg    U_CHAR  00543DH 1      
RI_ASCR2 . . . . . . . . . . . . . . .  HREG     hreg    U_CHAR  00543EH 1      
RI_RCR . . . . . . . . . . . . . . . .  HREG     hreg    U_CHAR  00543FH 1      
COMP_CSR1. . . . . . . . . . . . . . .  HREG     hreg    U_CHAR  005440H 1      
COMP_CSR2. . . . . . . . . . . . . . .  HREG     hreg    U_CHAR  005441H 1      
COMP_CSR3. . . . . . . . . . . . . . .  HREG     hreg    U_CHAR  005442H 1      
COMP_CSR4. . . . . . . . . . . . . . .  HREG     hreg    U_CHAR  005443H 1      
COMP_CSR5. . . . . . . . . . . . . . .  HREG     hreg    U_CHAR  005444H 1      
CFG_GCR. . . . . . . . . . . . . . . .  HREG     hreg    U_CHAR  007F60H 1      
ITC_SPR1 . . . . . . . . . . . . . . .  HREG     hreg    U_CHAR  007F70H 1      
ITC_SPR2 . . . . . . . . . . . . . . .  HREG     hreg    U_CHAR  007F71H 1      
ITC_SPR3 . . . . . . . . . . . . . . .  HREG     hreg    U_CHAR  007F72H 1      
ITC_SPR4 . . . . . . . . . . . . . . .  HREG     hreg    U_CHAR  007F73H 1      
ITC_SPR5 . . . . . . . . . . . . . . .  HREG     hreg    U_CHAR  007F74H 1      
ITC_SPR6 . . . . . . . . . . . . . . .  HREG     hreg    U_CHAR  007F75H 1      
ITC_SPR7 . . . . . . . . . . . . . . .  HREG     hreg    U_CHAR  007F76H 1      
ITC_SPR8 . . . . . . . . . . . . . . .  HREG     hreg    U_CHAR  007F77H 1      
_fctptr_t. . . . . . . . . . . . . . .  TYPEDEF ------- PTR   -------      2
_halt_ . . . . . . . . . . . . . . . .  EXTERN  CODE    PROC    ------- -----
_jmp_. . . . . . . . . . . . . . . . .  EXTERN  CODE    PROC    ------- -----
_nop_. . . . . . . . . . . . . . . . .  EXTERN  CODE    PROC    ------- -----
_rim_. . . . . . . . . . . . . . . . .  EXTERN  CODE    PROC    ------- -----
_sim_. . . . . . . . . . . . . . . . .  EXTERN  CODE    PROC    ------- -----
_trap_ . . . . . . . . . . . . . . . .  EXTERN  CODE    PROC    ------- -----
_wfe_. . . . . . . . . . . . . . . . .  EXTERN  CODE    PROC    ------- -----
_wfi_. . . . . . . . . . . . . . . . .  EXTERN  CODE    PROC    ------- -----
_getCC_. . . . . . . . . . . . . . . .  EXTERN  CODE    PROC    ------- -----
_setCC_. . . . . . . . . . . . . . . .  EXTERN  CODE    PROC    ------- -----
_getSP_. . . . . . . . . . . . . . . .  EXTERN  CODE    PROC    ------- -----
_setSP_. . . . . . . . . . . . . . . .  EXTERN  CODE    PROC    ------- -----
_swapbyte_ . . . . . . . . . . . . . .  EXTERN  CODE    PROC    ------- -----
_swapnibble_ . . . . . . . . . . . . .  EXTERN  CODE    PROC    ------- -----
size_t . . . . . . . . . . . . . . . .  TYPEDEF ------- U_CHAR  -------     2
fmemcpy. . . . . . . . . . . . . . . .  EXTERN  CODE    PROC    ------- -----
lstrlen. . . . . . . . . . . . . . . .  EXTERN  CODE    PROC    ------- -----
lmemcpy. . . . . . . . . . . . . . . .  EXTERN  CODE    PROC    ------- -----
lmemset. . . . . . . . . . . . . . . .  EXTERN  CODE    PROC    ------- -----
memccpy. . . . . . . . . . . . . . . .  EXTERN  CODE    PROC    ------- -----
memchr . . . . . . . . . . . . . . . .  EXTERN  CODE    PROC    ------- -----
memcmp . . . . . . . . . . . . . . . .  EXTERN  CODE    PROC    ------- -----
memcpy . . . . . . . . . . . . . . . .  EXTERN  CODE    PROC    ------- -----
memmove. . . . . . . . . . . . . . . .  EXTERN  CODE    PROC    ------- -----
memset . . . . . . . . . . . . . . . .  EXTERN  CODE    PROC    ------- -----
strcat . . . . . . . . . . . . . . . .  EXTERN  CODE    PROC    ------- -----
strchr . . . . . . . . . . . . . . . .  EXTERN  CODE    PROC    ------- -----
strcmp . . . . . . . . . . . . . . . .  EXTERN  CODE    PROC    ------- -----
strcpy . . . . . . . . . . . . . . . .  EXTERN  CODE    PROC    ------- -----
strcspn. . . . . . . . . . . . . . . .  EXTERN  CODE    PROC    ------- -----
strlen . . . . . . . . . . . . . . . .  EXTERN  CODE    PROC    ------- -----
strncat. . . . . . . . . . . . . . . .  EXTERN  CODE    PROC    ------- -----
strncmp. . . . . . . . . . . . . . . .  EXTERN  CODE    PROC    ------- -----
strncpy. . . . . . . . . . . . . . . .  EXTERN  CODE    PROC    ------- -----
strpbrk. . . . . . . . . . . . . . . .  EXTERN  CODE    PROC    ------- -----
strpos . . . . . . . . . . . . . . . .  EXTERN  CODE    PROC    ------- -----
strrchr. . . . . . . . . . . . . . . .  EXTERN  CODE    PROC    ------- -----
strrpos. . . . . . . . . . . . . . . .  EXTERN  CODE    PROC    ------- -----
strspn . . . . . . . . . . . . . . . .  EXTERN  CODE    PROC    ------- -----
strstr . . . . . . . . . . . . . . . .  EXTERN  CODE    PROC    ------- -----
strtok . . . . . . . . . . . . . . . .  EXTERN  CODE    PROC    ------- -----
strxfrm. . . . . . . . . . . . . . . .  EXTERN  CODE    PROC    ------- -----
DWORD. . . . . . . . . . . . . . . . .  TYPEDEF ------- ????? -------      4
WORD . . . . . . . . . . . . . . . . .  TYPEDEF ------- U_CHAR  -------     2
BYTE . . . . . . . . . . . . . . . . .  TYPEDEF ------- U_CHAR  -------     1
delay. . . . . . . . . . . . . . . . .  EXTERN  CODE    PROC    ------- -----
setWKUP. . . . . . . . . . . . . . . .  EXTERN  CODE    PROC    ------- -----
Voltage. . . . . . . . . . . . . . . .  EXTERN  page0   U_INT   ------- -----
Mtime. . . . . . . . . . . . . . . . .  EXTERN  page0   U_INT   ------- -----
PulseNL. . . . . . . . . . . . . . . .  EXTERN  page0    BASE    ------- -----
PulseNH. . . . . . . . . . . . . . . .  EXTERN  page0    BASE    ------- -----
PulseCount . . . . . . . . . . . . . .  EXTERN  page0    BASE    ------- -----
Imeas. . . . . . . . . . . . . . . . .  EXTERN  page0    BASE    ------- -----
Pulse. . . . . . . . . . . . . . . . .  EXTERN  bit     BIT     ------- -----
initUART . . . . . . . . . . . . . . .  EXTERN  CODE    PROC    ------- -----
putpack. . . . . . . . . . . . . . . .  EXTERN  CODE    PROC    ------- -----
clearRxBuff. . . . . . . . . . . . . .  EXTERN  CODE    PROC    ------- -----
RxBuffer . . . . . . . . . . . . . . .  EXTERN  data    ARRAY   ------- -----
TxBuffer . . . . . . . . . . . . . . .  EXTERN  data    ARRAY   ------- -----
Comm_Len . . . . . . . . . . . . . . .  EXTERN  page0   U_CHAR  ------- -----
RxStatus . . . . . . . . . . . . . . .  EXTERN  page0   U_CHAR  ------- -----
RxCount. . . . . . . . . . . . . . . .  EXTERN  page0   U_CHAR  ------- -----
plen . . . . . . . . . . . . . . . . .  EXTERN  page0   U_CHAR  ------- -----
TxCount. . . . . . . . . . . . . . . .  EXTERN  data    U_CHAR  ------- -----
TxPointer. . . . . . . . . . . . . . .  EXTERN  data    U_CHAR  ------- -----
RxPointer. . . . . . . . . . . . . . .  EXTERN  data    U_CHAR  ------- -----
TxBusy . . . . . . . . . . . . . . . .  EXTERN  bit     BIT     ------- -----
checkpacket. . . . . . . . . . . . . .  EXTERN  CODE    PROC    ------- -----
handlecommand. . . . . . . . . . . . .  EXTERN  CODE    PROC    ------- -----
CRC. . . . . . . . . . . . . . . . . .  EXTERN  page0   U_CHAR  ------- -----
TxCRC. . . . . . . . . . . . . . . . .  EXTERN  page0   U_CHAR  ------- -----
RxCRC. . . . . . . . . . . . . . . . .  EXTERN  page0   U_CHAR  ------- -----
F_Comm . . . . . . . . . . . . . . . .  EXTERN  bit     BIT     ------- -----
Command. . . . . . . . . . . . . . . .  EXTERN  page0   U_CHAR  ------- -----
NetAddr. . . . . . . . . . . . . . . .  EXTERN  page0   U_CHAR  ------- -----
COMMANDLIST. . . . . . . . . . . . . .  EXTERN  code    ARRAY   ------- -----
initTIM2 . . . . . . . . . . . . . . .  EXTERN  CODE    PROC    ------- -----
updateTim2 . . . . . . . . . . . . . .  EXTERN  CODE    PROC    ------- -----
initTIM3 . . . . . . . . . . . . . . .  EXTERN  CODE    PROC    ------- -----
updateTIM3 . . . . . . . . . . . . . .  EXTERN  CODE    PROC    ------- -----
sendpulse. . . . . . . . . . . . . . .  EXTERN  CODE    PROC    ------- -----
Tim2Flag . . . . . . . . . . . . . . .  EXTERN  bit     BIT     ------- -----
Tim3Flag . . . . . . . . . . . . . . .  EXTERN  bit     BIT     ------- -----
Tim2Counter. . . . . . . . . . . . . .  EXTERN  page0   U_INT   ------- -----
PARAMS . . . . . . . . . . . . . . . .  EXTERN  eeprom  ARRAY   ------- -----
PASSWORD . . . . . . . . . . . . . . .  EXTERN  
EEbuffer . . . . . . . . . . . . . . .  EXTERN  page0   ARRAY   ------- -----
ee_read. . . . . . . . . . . . . . . .  EXTERN  CODE    PROC    ------- -----
ee_pgm . . . . . . . . . . . . . . . .  EXTERN  CODE    PROC    ------- -----
readparameters . . . . . . . . . . . .  EXTERN  CODE    PROC    ------- -----
initIO . . . . . . . . . . . . . . . .  EXTERN  CODE    PROC    ------- -----
blink. . . . . . . . . . . . . . . . .  EXTERN  CODE    PROC    ------- -----
LED_set. . . . . . . . . . . . . . . .  EXTERN  CODE    PROC    ------- -----
DE_set . . . . . . . . . . . . . . . .  EXTERN  CODE    PROC    ------- -----
Pulse_Set. . . . . . . . . . . . . . .  EXTERN  CODE    PROC    ------- -----
CheckCmp . . . . . . . . . . . . . . .  EXTERN  CODE    PROC    ------- -----
initDAC. . . . . . . . . . . . . . . .  EXTERN  CODE    PROC    ------- -----
updateDAC. . . . . . . . . . . . . . .  EXTERN  CODE    PROC    ------- -----
RTC_init . . . . . . . . . . . . . . .  EXTERN  CODE    PROC    ------- -----
RTC_setDateTime. . . . . . . . . . . .  EXTERN  CODE    PROC    ------- -----
RTC_readDateTime . . . . . . . . . . .  EXTERN  CODE    PROC    ------- -----
RTC_unlock . . . . . . . . . . . . . .  EXTERN  CODE    PROC    ------- -----
RTC_lock . . . . . . . . . . . . . . .  EXTERN  CODE    PROC    ------- -----
RTC_Flag . . . . . . . . . . . . . . .  EXTERN  bit     BIT     ------- -----
itoa . . . . . . . . . . . . . . . . .  EXTERN  CODE    PROC    ------- -----
dwtoa. . . . . . . . . . . . . . . . .  EXTERN  CODE    PROC    ------- -----
reverse. . . . . . . . . . . . . . . .  EXTERN  CODE    PROC    ------- -----
initLCD. . . . . . . . . . . . . . . .  EXTERN  CODE    PROC    ------- -----
lcdprint . . . . . . . . . . . . . . .  EXTERN  CODE    PROC    ------- -----
lcdprintstr. . . . . . . . . . . . . .  EXTERN  CODE    PROC    ------- -----
cls. . . . . . . . . . . . . . . . . .  EXTERN  CODE    PROC    ------- -----
updateLCD. . . . . . . . . . . . . . .  EXTERN  CODE    PROC    ------- -----
updTime. . . . . . . . . . . . . . . .  EXTERN  CODE    PROC    ------- -----
updVolt. . . . . . . . . . . . . . . .  EXTERN  CODE    PROC    ------- -----
updCnt . . . . . . . . . . . . . . . .  EXTERN  CODE    PROC    ------- -----
updCurr. . . . . . . . . . . . . . . .  EXTERN  CODE    PROC    ------- -----
strbuff. . . . . . . . . . . . . . . .  EXTERN  page0   ARRAY   ------- -----
delay. . . . . . . . . . . . . . . . .  PUBLIC  CODE    PROC    ------- -----
setWKUP. . . . . . . . . . . . . . . .  PUBLIC  CODE    PROC    ------- -----
Voltage. . . . . . . . . . . . . . . .  PUBLIC  page0   U_INT   000000H 2      
Mtime. . . . . . . . . . . . . . . . .  PUBLIC  page0   U_INT   000002H 2      
PulseNL. . . . . . . . . . . . . . . .  PUBLIC  page0    BASE    000004H 4      
PulseNH. . . . . . . . . . . . . . . .  PUBLIC  page0    BASE    000008H 4      
Pulse. . . . . . . . . . . . . . . . .  PUBLIC  bit     BIT     000000H 1      
PulseCount . . . . . . . . . . . . . .  PUBLIC  page0    BASE    000000H 4      
PulseCounter . . . . . . . . . . . . .  PUBLIC  page0    BASE    000004H 4      
Imeas. . . . . . . . . . . . . . . . .  PUBLIC  page0    BASE    000008H 4      
main . . . . . . . . . . . . . . . . .  PUBLIC  CODE    PROC    ------- -----
  del?209. . . . . . . . . . . . . . .  PUBLIC  auto    U_INT   000000H 2      
delay. . . . . . . . . . . . . . . . .  PUBLIC  CODE    PROC    ------- -----
 msec?207. . . . . . . . . . . . . . .  PARAM    auto    U_INT   000002H 2      
  del?209. . . . . . . . . . . . . . .  PUBLIC  auto    U_INT   000000H 2      
  t?212. . . . . . . . . . . . . . . .  PUBLIC  auto    U_INT   000000H 2      
setWKUP. . . . . . . . . . . . . . . .  PUBLIC  CODE    PROC    ------- -----
  t?212. . . . . . . . . . . . . . . .  PUBLIC  auto    U_INT   000000H 2      
RxStatus . . . . . . . . . . . . . . .  EXTERN  page0   U_CHAR  ------- -----
Comm_Len . . . . . . . . . . . . . . .  EXTERN  page0   U_CHAR  ------- -----
F_Comm . . . . . . . . . . . . . . . .  EXTERN  bit     BIT     ------- -----
Tim2Flag . . . . . . . . . . . . . . .  EXTERN  bit     BIT     ------- -----
RTC_Flag . . . . . . . . . . . . . . .  EXTERN  bit     BIT     ------- -----
initIO . . . . . . . . . . . . . . . .  EXTERN  CODE    PROC    ------- -----
?BH. . . . . . . . . . . . . . . . . .  EXTERN  page0   U_CHAR  ------- -----
RTC_init . . . . . . . . . . . . . . .  EXTERN  CODE    PROC    ------- -----
readparameters . . . . . . . . . . . .  EXTERN  CODE    PROC    ------- -----
initTIM2 . . . . . . . . . . . . . . .  EXTERN  CODE    PROC    ------- -----
initTIM3 . . . . . . . . . . . . . . .  EXTERN  CODE    PROC    ------- -----
initLCD. . . . . . . . . . . . . . . .  EXTERN  CODE    PROC    ------- -----
LED_set. . . . . . . . . . . . . . . .  EXTERN  CODE    PROC    ------- -----
cls. . . . . . . . . . . . . . . . . .  EXTERN  CODE    PROC    ------- -----
initDAC. . . . . . . . . . . . . . . .  EXTERN  CODE    PROC    ------- -----
initUART . . . . . . . . . . . . . . .  EXTERN  CODE    PROC    ------- -----
updateDAC. . . . . . . . . . . . . . .  EXTERN  CODE    PROC    ------- -----
updVolt. . . . . . . . . . . . . . . .  EXTERN  CODE    PROC    ------- -----
updTime. . . . . . . . . . . . . . . .  EXTERN  CODE    PROC    ------- -----
updCnt . . . . . . . . . . . . . . . .  EXTERN  CODE    PROC    ------- -----
updCurr. . . . . . . . . . . . . . . .  EXTERN  CODE    PROC    ------- -----
checkpacket. . . . . . . . . . . . . .  EXTERN  CODE    PROC    ------- -----
handlecommand. . . . . . . . . . . . .  EXTERN  CODE    PROC    ------- -----
RTC_lock . . . . . . . . . . . . . . .  EXTERN  CODE    PROC    ------- -----
RCSTM8 COMPILER V2.28.10.092


MODULE INFORMATION:   STATIC OVERLAYABLE
   CODE SIZE        =    359    ----
   CONSTANT SIZE    =   ----    ----
   DATA SIZE        =   ----    ----
   PAGE0 SIZE       =     24    ----
   BIT SIZE         =      1    ----
END OF MODULE INFORMATION.

RCSTM8 COMPILATION COMPLETE.  0 WARNING,  0 ERROR
