RCSTM8 COMPILER V2.28.10.092,  TIMERS             09/21/18  13:57:46

QCW(0x00963FA0)

RCSTM8 COMPILER V2.28.10.092, COMPILATION OF MODULE TIMERS    
OBJECT MODULE PLACED IN Release\timers.o
COMPILER INVOKED BY: OBJECT(Release\timers.o) PIN(C:\Program Files (x86)\Raisonance\Ride\inc\STM8) PIN(C:\Program Files (x86)\Raisonance\Ride\inc\ST7) PIN(C:\Program Files (x86)\Raisonance\Ride\inc) DGC(page0) AUTO WRV(0) PR(Release\timers.lst) CD CO SB OT(7,SIZE) STM8(SMALL) 

stmt level    source
   1          #include "timers.h"
   2          #include "dac.h"
   3          
   4          void initTIM2(void);
   5          void initTIM3(void);
   6          void updateTIM3(void);
   7          
   8          bit Tim2Flag;
   9          WORD Tim2Counter;
  10          bit CommError;
  11          BYTE ErrCounter;
  12          
  13          
  14          void initTIM2(void)
  15          {
  16   1      			Tim2Counter = REQUESTPERIOD;
  17   1      			ErrCounter = MAXERRCOUNT;
  18   1      			CommError = 0;
  19   1      			TIM2_PSCR = 8;//2 MHz
  20   1      			TIM2_CNTRH = 0x9C;
  21   1      			TIM2_CNTRL = 0x40;//50 Hz
  22   1      			//TIM2_CNTRH = 0x0;
  23   1      			//TIM2_CNTRL = 0x14;//100 kHz
  24   1      			TIM2_ARRH = 0x9C;//0x0;
  25   1      			TIM2_ARRL = 0x40;
  26   1      			TIM2_IER = 0x01; //update interrupt enabled
  27   1      			TIM2_CR1 = 0b10010001;//counter enable, countdown
  28   1      		
  29   1      }
  30          
  31          void TIM2OVF_ISR() interrupt 19
  32          {
  33   1      		TIM2_SR1 &= 0xFE;
  34   1      		Tim2Counter--;
  35   1      		if (!Tim2Counter)
  36   1      		{
  37   2      		Tim2Flag = 1;
  38   2      		Tim2Counter = REQUESTPERIOD;
  39   2      		ErrCounter--;
  40   2      		}
  41   1      }
  42          void initTIM3(void)
  43          {
  44   1      	//set timer 3 to PWM mode using Vtune parameter
  45   1      			TIM3_CCMR1 = 0b01101100; //PWM mode 1
  46   1      			TIM3_PSCR = 0; //16 MHz
  47   1      			TIM3_CCMR1 = 0b01101100;
  48   1      			TIM3_CCER1 = 0x1; // enable ch1, normal polarity
  49   1      			//TIM3_CCR1H = Vtune;
  50   1      			//TIM3_CCR1L = 0;
  51   1      			TIM3_ARRH = 0;
  52   1      			TIM3_ARRL = 0xFF; //256 cycles
  53   1      			TIM3_CCR1H = 0;
  54   1      			TIM3_CCR1L = Vtune;
  55   1      			TIM3_BKR = 0b10000000;
  56   1      			TIM3_CR1 = 0b00000001;//counter enable, count-up
  57   1      }
  58          
  59          void updateTIM3(void)
  60          {
  61   1      			//TIM3_CCR1H = Vtune;
  62   1      			//TIM3_CCR1L = 0;
  63   1      			TIM3_CCR1H = 0;
  64   1      			TIM3_CCR1L = Vtune;
  65   1      }
  66          
RCSTM8 COMPILER V2.28.10.092
ASSEMBLY LISTING OF GENERATED OBJECT CODE

              ; FUNCTION ?initTIM2 (BEGIN)
              ; SOURCE LINE # 16 
0000 AE0190                            LDW    X,#00190H
0003 BF00       F                      LDW    Tim2Counter,X
              ; SOURCE LINE # 17 
0005 351E0000   F                      MOV    ErrCounter,#01EH
              ; SOURCE LINE # 18 
0009 72130000   F                      BRES   CommError
              ; SOURCE LINE # 19 
000D 3508525E                          MOV    TIM2_PSCR,#008H
              ; SOURCE LINE # 20 
0011 359C525C                          MOV    TIM2_CNTRH,#09CH
              ; SOURCE LINE # 21 
0015 3540525D                          MOV    TIM2_CNTRL,#040H
              ; SOURCE LINE # 24 
0019 359C525F                          MOV    TIM2_ARRH,#09CH
              ; SOURCE LINE # 25 
001D 35405260                          MOV    TIM2_ARRL,#040H
              ; SOURCE LINE # 26 
0021 35015255                          MOV    TIM2_IER,#001H
              ; SOURCE LINE # 27 
0025 35915250                          MOV    TIM2_CR1,#091H
0029 81                                RET    

              ; FUNCTION ?initTIM2 (END)

              ; FUNCTION ?TIM2OVF_ISR (BEGIN)
              ; SOURCE LINE # 31 
0000 BE02       F                      LDW    X,?BH.w
0002 89                                PUSHW  X
              ; SOURCE LINE # 33 
0003 72115256                          BRES   TIM2_SR1,#000H
              ; SOURCE LINE # 34 
0007 BE00       F                      LDW    X,Tim2Counter
0009 5A                                DECW   X
000A BF00       F                      LDW    Tim2Counter,X
              ; SOURCE LINE # 35 
000C 260B                              JRNE   ?NXT_0003
              ; SOURCE LINE # 37 
000E 72100000   F                      BSET   Tim2Flag
              ; SOURCE LINE # 38 
0012 AE0190                            LDW    X,#00190H
0015 BF00       F                      LDW    Tim2Counter,X
              ; SOURCE LINE # 39 
0017 3A00       F                      DEC    ErrCounter
0019         ?NXT_0003:
0019 85                                POPW   X
001A BF02       F                      LDW    ?BH.w,X
001C 80                                IRET   

              ; FUNCTION ?TIM2OVF_ISR (END)

              ; FUNCTION ?initTIM3 (BEGIN)
              ; SOURCE LINE # 45 
0000 356C5289                          MOV    TIM3_CCMR1,#06CH
              ; SOURCE LINE # 46 
0004 725F528E                          CLR    TIM3_PSCR
              ; SOURCE LINE # 47 
0008 356C5289                          MOV    TIM3_CCMR1,#06CH
              ; SOURCE LINE # 48 
000C 3501528B                          MOV    TIM3_CCER1,#001H
              ; SOURCE LINE # 51 
0010 725F528F                          CLR    TIM3_ARRH
              ; SOURCE LINE # 52 
0014 35FF5290                          MOV    TIM3_ARRL,#0FFH
              ; SOURCE LINE # 53 
0018 725F5291                          CLR    TIM3_CCR1H
              ; SOURCE LINE # 54 
001C 5500005292 F                      MOV    TIM3_CCR1L,Vtune
              ; SOURCE LINE # 55 
0021 35805295                          MOV    TIM3_BKR,#080H
              ; SOURCE LINE # 56 
0025 35015280                          MOV    TIM3_CR1,#001H
0029 81                                RET    

              ; FUNCTION ?initTIM3 (END)

              ; FUNCTION ?updateTIM3 (BEGIN)
              ; SOURCE LINE # 63 
0000 725F5291                          CLR    TIM3_CCR1H
              ; SOURCE LINE # 64 
0004 5500005292 F                      MOV    TIM3_CCR1L,Vtune
0009 81                                RET    

              ; FUNCTION ?updateTIM3 (END)

RCSTM8 COMPILER V2.28.10.092
NAME                                    CLASS   MSPACE  TYPE    OFFSET  SIZE
====                                    =====   ======  ====    ======  ====

PA_ODR . . . . . . . . . . . . . . . .  HREG     hreg    U_CHAR  005000H 1      
PA_IDR . . . . . . . . . . . . . . . .  HREG     hreg    U_CHAR  005001H 1      
PA_DDR . . . . . . . . . . . . . . . .  HREG     hreg    U_CHAR  005002H 1      
PA_CR1 . . . . . . . . . . . . . . . .  HREG     hreg    U_CHAR  005003H 1      
PA_CR2 . . . . . . . . . . . . . . . .  HREG     hreg    U_CHAR  005004H 1      
PB_ODR . . . . . . . . . . . . . . . .  HREG     hreg    U_CHAR  005005H 1      
PB_IDR . . . . . . . . . . . . . . . .  HREG     hreg    U_CHAR  005006H 1      
PB_DDR . . . . . . . . . . . . . . . .  HREG     hreg    U_CHAR  005007H 1      
PB_CR1 . . . . . . . . . . . . . . . .  HREG     hreg    U_CHAR  005008H 1      
PB_CR2 . . . . . . . . . . . . . . . .  HREG     hreg    U_CHAR  005009H 1      
PC_ODR . . . . . . . . . . . . . . . .  HREG     hreg    U_CHAR  00500AH 1      
PC_IDR . . . . . . . . . . . . . . . .  HREG     hreg    U_CHAR  00500BH 1      
PC_DDR . . . . . . . . . . . . . . . .  HREG     hreg    U_CHAR  00500CH 1      
PC_CR1 . . . . . . . . . . . . . . . .  HREG     hreg    U_CHAR  00500DH 1      
PC_CR2 . . . . . . . . . . . . . . . .  HREG     hreg    U_CHAR  00500EH 1      
PD_ODR . . . . . . . . . . . . . . . .  HREG     hreg    U_CHAR  00500FH 1      
PD_IDR . . . . . . . . . . . . . . . .  HREG     hreg    U_CHAR  005010H 1      
PD_DDR . . . . . . . . . . . . . . . .  HREG     hreg    U_CHAR  005011H 1      
PD_CR1 . . . . . . . . . . . . . . . .  HREG     hreg    U_CHAR  005012H 1      
PD_CR2 . . . . . . . . . . . . . . . .  HREG     hreg    U_CHAR  005013H 1      
PE_ODR . . . . . . . . . . . . . . . .  HREG     hreg    U_CHAR  005014H 1      
PE_IDR . . . . . . . . . . . . . . . .  HREG     hreg    U_CHAR  005015H 1      
PE_DDR . . . . . . . . . . . . . . . .  HREG     hreg    U_CHAR  005016H 1      
PE_CR1 . . . . . . . . . . . . . . . .  HREG     hreg    U_CHAR  005017H 1      
PE_CR2 . . . . . . . . . . . . . . . .  HREG     hreg    U_CHAR  005018H 1      
PF_ODR . . . . . . . . . . . . . . . .  HREG     hreg    U_CHAR  005019H 1      
PF_IDR . . . . . . . . . . . . . . . .  HREG     hreg    U_CHAR  00501AH 1      
PF_DDR . . . . . . . . . . . . . . . .  HREG     hreg    U_CHAR  00501BH 1      
PF_CR1 . . . . . . . . . . . . . . . .  HREG     hreg    U_CHAR  00501CH 1      
PF_CR2 . . . . . . . . . . . . . . . .  HREG     hreg    U_CHAR  00501DH 1      
FLASH_CR1. . . . . . . . . . . . . . .  HREG     hreg    U_CHAR  005050H 1      
FLASH_CR2. . . . . . . . . . . . . . .  HREG     hreg    U_CHAR  005051H 1      
FLASH_PUKR . . . . . . . . . . . . . .  HREG     hreg    U_CHAR  005052H 1      
FLASH_DUKR . . . . . . . . . . . . . .  HREG     hreg    U_CHAR  005053H 1      
FLASH_IAPSR. . . . . . . . . . . . . .  HREG     hreg    U_CHAR  005054H 1      
DMA1_GCSR. . . . . . . . . . . . . . .  HREG     hreg    U_CHAR  005070H 1      
DMA1_GIR1. . . . . . . . . . . . . . .  HREG     hreg    U_CHAR  005071H 1      
DMA1_C0CR. . . . . . . . . . . . . . .  HREG     hreg    U_CHAR  005075H 1      
DMA1_C0SPR . . . . . . . . . . . . . .  HREG     hreg    U_CHAR  005076H 1      
DMA1_C0NDTR. . . . . . . . . . . . . .  HREG     hreg    U_CHAR  005077H 1      
DMA1_C0PAR . . . . . . . . . . . . . .  HREG16   hreg16  U_INT   005078H 2      
DMA1_C0PARH. . . . . . . . . . . . . .  HREG     hreg    U_CHAR  005078H 1      
DMA1_C0PARL. . . . . . . . . . . . . .  HREG     hreg    U_CHAR  005079H 1      
DMA1_C0M0AR. . . . . . . . . . . . . .  HREG16   hreg16  U_INT   00507BH 2      
DMA1_C0M0ARH . . . . . . . . . . . . .  HREG     hreg    U_CHAR  00507BH 1      
DMA1_C0M0ARL . . . . . . . . . . . . .  HREG     hreg    U_CHAR  00507CH 1      
DMA1_C1CR. . . . . . . . . . . . . . .  HREG     hreg    U_CHAR  00507FH 1      
DMA1_C1SPR . . . . . . . . . . . . . .  HREG     hreg    U_CHAR  005080H 1      
DMA1_C1NDTR. . . . . . . . . . . . . .  HREG     hreg    U_CHAR  005081H 1      
DMA1_C1PAR . . . . . . . . . . . . . .  HREG16   hreg16  U_INT   005082H 2      
DMA1_C1PARH. . . . . . . . . . . . . .  HREG     hreg    U_CHAR  005082H 1      
DMA1_C1PARL. . . . . . . . . . . . . .  HREG     hreg    U_CHAR  005083H 1      
DMA1_C1M0AR. . . . . . . . . . . . . .  HREG16   hreg16  U_INT   005085H 2      
DMA1_C1M0ARH . . . . . . . . . . . . .  HREG     hreg    U_CHAR  005085H 1      
DMA1_C1M0ARL . . . . . . . . . . . . .  HREG     hreg    U_CHAR  005086H 1      
DMA1_C2CR. . . . . . . . . . . . . . .  HREG     hreg    U_CHAR  005089H 1      
DMA1_C2SPR . . . . . . . . . . . . . .  HREG     hreg    U_CHAR  00508AH 1      
DMA1_C2NDTR. . . . . . . . . . . . . .  HREG     hreg    U_CHAR  00508BH 1      
DMA1_C2PAR . . . . . . . . . . . . . .  HREG16   hreg16  U_INT   00508CH 2      
DMA1_C2PARH. . . . . . . . . . . . . .  HREG     hreg    U_CHAR  00508CH 1      
DMA1_C2PARL. . . . . . . . . . . . . .  HREG     hreg    U_CHAR  00508DH 1      
DMA1_C2M0AR. . . . . . . . . . . . . .  HREG16   hreg16  U_INT   00508FH 2      
DMA1_C2M0ARH . . . . . . . . . . . . .  HREG     hreg    U_CHAR  00508FH 1      
DMA1_C2M0ARL . . . . . . . . . . . . .  HREG     hreg    U_CHAR  005090H 1      
DMA1_C3CR. . . . . . . . . . . . . . .  HREG     hreg    U_CHAR  005093H 1      
DMA1_C3SPR . . . . . . . . . . . . . .  HREG     hreg    U_CHAR  005094H 1      
DMA1_C3NDTR. . . . . . . . . . . . . .  HREG     hreg    U_CHAR  005095H 1      
DMA1_C3PAR_C3M1AR. . . . . . . . . . .  HREG16   hreg16  U_INT   005096H 2      
DMA1_C3PARH_C3M1ARH. . . . . . . . . .  HREG     hreg    U_CHAR  005096H 1      
DMA1_C3PARL_C3M1ARL. . . . . . . . . .  HREG     hreg    U_CHAR  005097H 1      
DMA1_C3M0AR. . . . . . . . . . . . . .  HREG16   hreg16  U_INT   005099H 2      
DMA1_C3M0ARH . . . . . . . . . . . . .  HREG     hreg    U_CHAR  005099H 1      
DMA1_C3M0ARL . . . . . . . . . . . . .  HREG     hreg    U_CHAR  00509AH 1      
SYSCFG_RMPCR1. . . . . . . . . . . . .  HREG     hreg    U_CHAR  00509EH 1      
SYSCFG_RMPCR2. . . . . . . . . . . . .  HREG     hreg    U_CHAR  00509FH 1      
EXTI_CR1 . . . . . . . . . . . . . . .  HREG     hreg    U_CHAR  0050A0H 1      
EXTI_CR2 . . . . . . . . . . . . . . .  HREG     hreg    U_CHAR  0050A1H 1      
EXTI_CR3 . . . . . . . . . . . . . . .  HREG     hreg    U_CHAR  0050A2H 1      
EXTI_SR1 . . . . . . . . . . . . . . .  HREG     hreg    U_CHAR  0050A3H 1      
EXTI_SR2 . . . . . . . . . . . . . . .  HREG     hreg    U_CHAR  0050A4H 1      
EXTI_CONF. . . . . . . . . . . . . . .  HREG     hreg    U_CHAR  0050A5H 1      
WFE_CR1. . . . . . . . . . . . . . . .  HREG     hreg    U_CHAR  0050A6H 1      
WFE_CR2. . . . . . . . . . . . . . . .  HREG     hreg    U_CHAR  0050A7H 1      
WFE_CR3. . . . . . . . . . . . . . . .  HREG     hreg    U_CHAR  0050A8H 1      
RST_CR . . . . . . . . . . . . . . . .  HREG     hreg    U_CHAR  0050B0H 1      
RST_SR . . . . . . . . . . . . . . . .  HREG     hreg    U_CHAR  0050B1H 1      
PWR_CSR1 . . . . . . . . . . . . . . .  HREG     hreg    U_CHAR  0050B2H 1      
PWR_CSR2 . . . . . . . . . . . . . . .  HREG     hreg    U_CHAR  0050B3H 1      
CLK_CKDIVR . . . . . . . . . . . . . .  HREG     hreg    U_CHAR  0050C0H 1      
CLK_CRTCR. . . . . . . . . . . . . . .  HREG     hreg    U_CHAR  0050C1H 1      
CLK_ICKCR. . . . . . . . . . . . . . .  HREG     hreg    U_CHAR  0050C2H 1      
CLK_PCKENR1. . . . . . . . . . . . . .  HREG     hreg    U_CHAR  0050C3H 1      
CLK_PCKENR2. . . . . . . . . . . . . .  HREG     hreg    U_CHAR  0050C4H 1      
CLK_CCOR . . . . . . . . . . . . . . .  HREG     hreg    U_CHAR  0050C5H 1      
CLK_ECKCR. . . . . . . . . . . . . . .  HREG     hreg    U_CHAR  0050C6H 1      
CLK_SCSR . . . . . . . . . . . . . . .  HREG     hreg    U_CHAR  0050C7H 1      
CLK_SWR. . . . . . . . . . . . . . . .  HREG     hreg    U_CHAR  0050C8H 1      
CLK_SWCR . . . . . . . . . . . . . . .  HREG     hreg    U_CHAR  0050C9H 1      
CLK_CSSR . . . . . . . . . . . . . . .  HREG     hreg    U_CHAR  0050CAH 1      
CLK_CBEEPR . . . . . . . . . . . . . .  HREG     hreg    U_CHAR  0050CBH 1      
CLK_HSICALR. . . . . . . . . . . . . .  HREG     hreg    U_CHAR  0050CCH 1      
CLK_HSITRIMR . . . . . . . . . . . . .  HREG     hreg    U_CHAR  0050CDH 1      
CLK_HSIUNLCKR. . . . . . . . . . . . .  HREG     hreg    U_CHAR  0050CEH 1      
CLK_REGCSR . . . . . . . . . . . . . .  HREG     hreg    U_CHAR  0050CFH 1      
WWDG_CR. . . . . . . . . . . . . . . .  HREG     hreg    U_CHAR  0050D3H 1      
WWDG_WR. . . . . . . . . . . . . . . .  HREG     hreg    U_CHAR  0050D4H 1      
IWDG_KR. . . . . . . . . . . . . . . .  HREG     hreg    U_CHAR  0050E0H 1      
IWDG_PR. . . . . . . . . . . . . . . .  HREG     hreg    U_CHAR  0050E1H 1      
IWDG_RLR . . . . . . . . . . . . . . .  HREG     hreg    U_CHAR  0050E2H 1      
BEEP_CSR1. . . . . . . . . . . . . . .  HREG     hreg    U_CHAR  0050F0H 1      
BEEP_CSR2. . . . . . . . . . . . . . .  HREG     hreg    U_CHAR  0050F3H 1      
RTC_TR1. . . . . . . . . . . . . . . .  HREG     hreg    U_CHAR  005140H 1      
RTC_TR2. . . . . . . . . . . . . . . .  HREG     hreg    U_CHAR  005141H 1      
RTC_TR3. . . . . . . . . . . . . . . .  HREG     hreg    U_CHAR  005142H 1      
RTC_DR1. . . . . . . . . . . . . . . .  HREG     hreg    U_CHAR  005144H 1      
RTC_DR2. . . . . . . . . . . . . . . .  HREG     hreg    U_CHAR  005145H 1      
RTC_DR3. . . . . . . . . . . . . . . .  HREG     hreg    U_CHAR  005146H 1      
RTC_CR1. . . . . . . . . . . . . . . .  HREG     hreg    U_CHAR  005148H 1      
RTC_CR2. . . . . . . . . . . . . . . .  HREG     hreg    U_CHAR  005149H 1      
RTC_CR3. . . . . . . . . . . . . . . .  HREG     hreg    U_CHAR  00514AH 1      
RTC_ISR1 . . . . . . . . . . . . . . .  HREG     hreg    U_CHAR  00514CH 1      
RTC_ISR2 . . . . . . . . . . . . . . .  HREG     hreg    U_CHAR  00514DH 1      
RTC_SPRER. . . . . . . . . . . . . . .  HREG16   hreg16  U_INT   005150H 2      
RTC_SPRERH . . . . . . . . . . . . . .  HREG     hreg    U_CHAR  005150H 1      
RTC_SPRERL . . . . . . . . . . . . . .  HREG     hreg    U_CHAR  005151H 1      
RTC_APRER. . . . . . . . . . . . . . .  HREG     hreg    U_CHAR  005152H 1      
RTC_WUTR . . . . . . . . . . . . . . .  HREG16   hreg16  U_INT   005154H 2      
RTC_WUTRH. . . . . . . . . . . . . . .  HREG     hreg    U_CHAR  005154H 1      
RTC_WUTRL. . . . . . . . . . . . . . .  HREG     hreg    U_CHAR  005155H 1      
RTC_WPR. . . . . . . . . . . . . . . .  HREG     hreg    U_CHAR  005159H 1      
RTC_ALRMAR1. . . . . . . . . . . . . .  HREG     hreg    U_CHAR  00515CH 1      
RTC_ALRMAR2. . . . . . . . . . . . . .  HREG     hreg    U_CHAR  00515DH 1      
RTC_ALRMAR3. . . . . . . . . . . . . .  HREG     hreg    U_CHAR  00515EH 1      
RTC_ALRMAR4. . . . . . . . . . . . . .  HREG     hreg    U_CHAR  00515FH 1      
SPI1_CR1 . . . . . . . . . . . . . . .  HREG     hreg    U_CHAR  005200H 1      
SPI1_CR2 . . . . . . . . . . . . . . .  HREG     hreg    U_CHAR  005201H 1      
SPI1_ICR . . . . . . . . . . . . . . .  HREG     hreg    U_CHAR  005202H 1      
SPI1_SR. . . . . . . . . . . . . . . .  HREG     hreg    U_CHAR  005203H 1      
SPI1_DR. . . . . . . . . . . . . . . .  HREG     hreg    U_CHAR  005204H 1      
SPI1_CRCPR . . . . . . . . . . . . . .  HREG     hreg    U_CHAR  005205H 1      
SPI1_RXCRCR. . . . . . . . . . . . . .  HREG     hreg    U_CHAR  005206H 1      
SPI1_TXCRCR. . . . . . . . . . . . . .  HREG     hreg    U_CHAR  005207H 1      
I2C1_CR1 . . . . . . . . . . . . . . .  HREG     hreg    U_CHAR  005210H 1      
I2C1_CR2 . . . . . . . . . . . . . . .  HREG     hreg    U_CHAR  005211H 1      
I2C1_FREQR . . . . . . . . . . . . . .  HREG     hreg    U_CHAR  005212H 1      
I2C1_OARL. . . . . . . . . . . . . . .  HREG     hreg    U_CHAR  005213H 1      
I2C1_OARH. . . . . . . . . . . . . . .  HREG     hreg    U_CHAR  005214H 1      
I2C1_DR. . . . . . . . . . . . . . . .  HREG     hreg    U_CHAR  005216H 1      
I2C1_SR1 . . . . . . . . . . . . . . .  HREG     hreg    U_CHAR  005217H 1      
I2C1_SR2 . . . . . . . . . . . . . . .  HREG     hreg    U_CHAR  005218H 1      
I2C1_SR3 . . . . . . . . . . . . . . .  HREG     hreg    U_CHAR  005219H 1      
I2C1_ITR . . . . . . . . . . . . . . .  HREG     hreg    U_CHAR  00521AH 1      
I2C1_CCRL. . . . . . . . . . . . . . .  HREG     hreg    U_CHAR  00521BH 1      
I2C1_CCRH. . . . . . . . . . . . . . .  HREG     hreg    U_CHAR  00521CH 1      
I2C1_TRISER. . . . . . . . . . . . . .  HREG     hreg    U_CHAR  00521DH 1      
I2C1_PECR. . . . . . . . . . . . . . .  HREG     hreg    U_CHAR  00521EH 1      
USART1_SR. . . . . . . . . . . . . . .  HREG     hreg    U_CHAR  005230H 1      
USART1_DR. . . . . . . . . . . . . . .  HREG     hreg    U_CHAR  005231H 1      
USART1_BRR1. . . . . . . . . . . . . .  HREG     hreg    U_CHAR  005232H 1      
USART1_BRR2. . . . . . . . . . . . . .  HREG     hreg    U_CHAR  005233H 1      
USART1_CR1 . . . . . . . . . . . . . .  HREG     hreg    U_CHAR  005234H 1      
USART1_CR2 . . . . . . . . . . . . . .  HREG     hreg    U_CHAR  005235H 1      
USART1_CR3 . . . . . . . . . . . . . .  HREG     hreg    U_CHAR  005236H 1      
USART1_CR4 . . . . . . . . . . . . . .  HREG     hreg    U_CHAR  005237H 1      
USART1_CR5 . . . . . . . . . . . . . .  HREG     hreg    U_CHAR  005238H 1      
USART1_GTR . . . . . . . . . . . . . .  HREG     hreg    U_CHAR  005239H 1      
USART1_PSCR. . . . . . . . . . . . . .  HREG     hreg    U_CHAR  00523AH 1      
TIM2_CR1 . . . . . . . . . . . . . . .  HREG     hreg    U_CHAR  005250H 1      
TIM2_CR2 . . . . . . . . . . . . . . .  HREG     hreg    U_CHAR  005251H 1      
TIM2_SMCR. . . . . . . . . . . . . . .  HREG     hreg    U_CHAR  005252H 1      
TIM2_ETR . . . . . . . . . . . . . . .  HREG     hreg    U_CHAR  005253H 1      
TIM2_DER . . . . . . . . . . . . . . .  HREG     hreg    U_CHAR  005254H 1      
TIM2_IER . . . . . . . . . . . . . . .  HREG     hreg    U_CHAR  005255H 1      
TIM2_SR1 . . . . . . . . . . . . . . .  HREG     hreg    U_CHAR  005256H 1      
TIM2_SR2 . . . . . . . . . . . . . . .  HREG     hreg    U_CHAR  005257H 1      
TIM2_EGR . . . . . . . . . . . . . . .  HREG     hreg    U_CHAR  005258H 1      
TIM2_CCMR1 . . . . . . . . . . . . . .  HREG     hreg    U_CHAR  005259H 1      
TIM2_CCMR2 . . . . . . . . . . . . . .  HREG     hreg    U_CHAR  00525AH 1      
TIM2_CCER1 . . . . . . . . . . . . . .  HREG     hreg    U_CHAR  00525BH 1      
TIM2_CNTR. . . . . . . . . . . . . . .  HREG16   hreg16  U_INT   00525CH 2      
TIM2_CNTRH . . . . . . . . . . . . . .  HREG     hreg    U_CHAR  00525CH 1      
TIM2_CNTRL . . . . . . . . . . . . . .  HREG     hreg    U_CHAR  00525DH 1      
TIM2_PSCR. . . . . . . . . . . . . . .  HREG     hreg    U_CHAR  00525EH 1      
TIM2_ARR . . . . . . . . . . . . . . .  HREG16   hreg16  U_INT   00525FH 2      
TIM2_ARRH. . . . . . . . . . . . . . .  HREG     hreg    U_CHAR  00525FH 1      
TIM2_ARRL. . . . . . . . . . . . . . .  HREG     hreg    U_CHAR  005260H 1      
TIM2_CCR1. . . . . . . . . . . . . . .  HREG16   hreg16  U_INT   005261H 2      
TIM2_CCR1H . . . . . . . . . . . . . .  HREG     hreg    U_CHAR  005261H 1      
TIM2_CCR1L . . . . . . . . . . . . . .  HREG     hreg    U_CHAR  005262H 1      
TIM2_CCR2. . . . . . . . . . . . . . .  HREG16   hreg16  U_INT   005263H 2      
TIM2_CCR2H . . . . . . . . . . . . . .  HREG     hreg    U_CHAR  005263H 1      
TIM2_CCR2L . . . . . . . . . . . . . .  HREG     hreg    U_CHAR  005264H 1      
TIM2_BKR . . . . . . . . . . . . . . .  HREG     hreg    U_CHAR  005265H 1      
TIM2_OISR. . . . . . . . . . . . . . .  HREG     hreg    U_CHAR  005266H 1      
TIM3_CR1 . . . . . . . . . . . . . . .  HREG     hreg    U_CHAR  005280H 1      
TIM3_CR2 . . . . . . . . . . . . . . .  HREG     hreg    U_CHAR  005281H 1      
TIM3_SMCR. . . . . . . . . . . . . . .  HREG     hreg    U_CHAR  005282H 1      
TIM3_ETR . . . . . . . . . . . . . . .  HREG     hreg    U_CHAR  005283H 1      
TIM3_DER . . . . . . . . . . . . . . .  HREG     hreg    U_CHAR  005284H 1      
TIM3_IER . . . . . . . . . . . . . . .  HREG     hreg    U_CHAR  005285H 1      
TIM3_SR1 . . . . . . . . . . . . . . .  HREG     hreg    U_CHAR  005286H 1      
TIM3_SR2 . . . . . . . . . . . . . . .  HREG     hreg    U_CHAR  005287H 1      
TIM3_EGR . . . . . . . . . . . . . . .  HREG     hreg    U_CHAR  005288H 1      
TIM3_CCMR1 . . . . . . . . . . . . . .  HREG     hreg    U_CHAR  005289H 1      
TIM3_CCMR2 . . . . . . . . . . . . . .  HREG     hreg    U_CHAR  00528AH 1      
TIM3_CCER1 . . . . . . . . . . . . . .  HREG     hreg    U_CHAR  00528BH 1      
TIM3_CNTR. . . . . . . . . . . . . . .  HREG16   hreg16  U_INT   00528CH 2      
TIM3_CNTRH . . . . . . . . . . . . . .  HREG     hreg    U_CHAR  00528CH 1      
TIM3_CNTRL . . . . . . . . . . . . . .  HREG     hreg    U_CHAR  00528DH 1      
TIM3_PSCR. . . . . . . . . . . . . . .  HREG     hreg    U_CHAR  00528EH 1      
TIM3_ARR . . . . . . . . . . . . . . .  HREG16   hreg16  U_INT   00528FH 2      
TIM3_ARRH. . . . . . . . . . . . . . .  HREG     hreg    U_CHAR  00528FH 1      
TIM3_ARRL. . . . . . . . . . . . . . .  HREG     hreg    U_CHAR  005290H 1      
TIM3_CCR1. . . . . . . . . . . . . . .  HREG16   hreg16  U_INT   005291H 2      
TIM3_CCR1H . . . . . . . . . . . . . .  HREG     hreg    U_CHAR  005291H 1      
TIM3_CCR1L . . . . . . . . . . . . . .  HREG     hreg    U_CHAR  005292H 1      
TIM3_CCR2. . . . . . . . . . . . . . .  HREG16   hreg16  U_INT   005293H 2      
TIM3_CCR2H . . . . . . . . . . . . . .  HREG     hreg    U_CHAR  005293H 1      
TIM3_CCR2L . . . . . . . . . . . . . .  HREG     hreg    U_CHAR  005294H 1      
TIM3_BKR . . . . . . . . . . . . . . .  HREG     hreg    U_CHAR  005295H 1      
TIM3_OISR. . . . . . . . . . . . . . .  HREG     hreg    U_CHAR  005296H 1      
TIM1_CR1 . . . . . . . . . . . . . . .  HREG     hreg    U_CHAR  0052B0H 1      
TIM1_CR2 . . . . . . . . . . . . . . .  HREG     hreg    U_CHAR  0052B1H 1      
TIM1_SMCR. . . . . . . . . . . . . . .  HREG     hreg    U_CHAR  0052B2H 1      
TIM1_ETR . . . . . . . . . . . . . . .  HREG     hreg    U_CHAR  0052B3H 1      
TIM1_DER . . . . . . . . . . . . . . .  HREG     hreg    U_CHAR  0052B4H 1      
TIM1_IER . . . . . . . . . . . . . . .  HREG     hreg    U_CHAR  0052B5H 1      
TIM1_SR1 . . . . . . . . . . . . . . .  HREG     hreg    U_CHAR  0052B6H 1      
TIM1_SR2 . . . . . . . . . . . . . . .  HREG     hreg    U_CHAR  0052B7H 1      
TIM1_EGR . . . . . . . . . . . . . . .  HREG     hreg    U_CHAR  0052B8H 1      
TIM1_CCMR1 . . . . . . . . . . . . . .  HREG     hreg    U_CHAR  0052B9H 1      
TIM1_CCMR2 . . . . . . . . . . . . . .  HREG     hreg    U_CHAR  0052BAH 1      
TIM1_CCMR3 . . . . . . . . . . . . . .  HREG     hreg    U_CHAR  0052BBH 1      
TIM1_CCMR4 . . . . . . . . . . . . . .  HREG     hreg    U_CHAR  0052BCH 1      
TIM1_CCER1 . . . . . . . . . . . . . .  HREG     hreg    U_CHAR  0052BDH 1      
TIM1_CCER2 . . . . . . . . . . . . . .  HREG     hreg    U_CHAR  0052BEH 1      
TIM1_CNTR. . . . . . . . . . . . . . .  HREG16   hreg16  U_INT   0052BFH 2      
TIM1_CNTRH . . . . . . . . . . . . . .  HREG     hreg    U_CHAR  0052BFH 1      
TIM1_CNTRL . . . . . . . . . . . . . .  HREG     hreg    U_CHAR  0052C0H 1      
TIM1_PSCR. . . . . . . . . . . . . . .  HREG16   hreg16  U_INT   0052C1H 2      
TIM1_PSCRH . . . . . . . . . . . . . .  HREG     hreg    U_CHAR  0052C1H 1      
TIM1_PSCRL . . . . . . . . . . . . . .  HREG     hreg    U_CHAR  0052C2H 1      
TIM1_ARR . . . . . . . . . . . . . . .  HREG16   hreg16  U_INT   0052C3H 2      
TIM1_ARRH. . . . . . . . . . . . . . .  HREG     hreg    U_CHAR  0052C3H 1      
TIM1_ARRL. . . . . . . . . . . . . . .  HREG     hreg    U_CHAR  0052C4H 1      
TIM1_RCR . . . . . . . . . . . . . . .  HREG     hreg    U_CHAR  0052C5H 1      
TIM1_CCR1. . . . . . . . . . . . . . .  HREG16   hreg16  U_INT   0052C6H 2      
TIM1_CCR1H . . . . . . . . . . . . . .  HREG     hreg    U_CHAR  0052C6H 1      
TIM1_CCR1L . . . . . . . . . . . . . .  HREG     hreg    U_CHAR  0052C7H 1      
TIM1_CCR2. . . . . . . . . . . . . . .  HREG16   hreg16  U_INT   0052C8H 2      
TIM1_CCR2H . . . . . . . . . . . . . .  HREG     hreg    U_CHAR  0052C8H 1      
TIM1_CCR2L . . . . . . . . . . . . . .  HREG     hreg    U_CHAR  0052C9H 1      
TIM1_CCR3. . . . . . . . . . . . . . .  HREG16   hreg16  U_INT   0052CAH 2      
TIM1_CCR3H . . . . . . . . . . . . . .  HREG     hreg    U_CHAR  0052CAH 1      
TIM1_CCR3L . . . . . . . . . . . . . .  HREG     hreg    U_CHAR  0052CBH 1      
TIM1_CCR4. . . . . . . . . . . . . . .  HREG16   hreg16  U_INT   0052CCH 2      
TIM1_CCR4H . . . . . . . . . . . . . .  HREG     hreg    U_CHAR  0052CCH 1      
TIM1_CCR4L . . . . . . . . . . . . . .  HREG     hreg    U_CHAR  0052CDH 1      
TIM1_BKR . . . . . . . . . . . . . . .  HREG     hreg    U_CHAR  0052CEH 1      
TIM1_DTR . . . . . . . . . . . . . . .  HREG     hreg    U_CHAR  0052CFH 1      
TIM1_OISR. . . . . . . . . . . . . . .  HREG     hreg    U_CHAR  0052D0H 1      
TIM1_DCR1. . . . . . . . . . . . . . .  HREG     hreg    U_CHAR  0052D1H 1      
TIM1_DCR2. . . . . . . . . . . . . . .  HREG     hreg    U_CHAR  0052D2H 1      
TIM1_DMAR. . . . . . . . . . . . . . .  HREG     hreg    U_CHAR  0052D3H 1      
TIM4_CR1 . . . . . . . . . . . . . . .  HREG     hreg    U_CHAR  0052E0H 1      
TIM4_CR2 . . . . . . . . . . . . . . .  HREG     hreg    U_CHAR  0052E1H 1      
TIM4_SMCR. . . . . . . . . . . . . . .  HREG     hreg    U_CHAR  0052E2H 1      
TIM4_DER . . . . . . . . . . . . . . .  HREG     hreg    U_CHAR  0052E3H 1      
TIM4_IER . . . . . . . . . . . . . . .  HREG     hreg    U_CHAR  0052E4H 1      
TIM4_SR1 . . . . . . . . . . . . . . .  HREG     hreg    U_CHAR  0052E5H 1      
TIM4_EGR . . . . . . . . . . . . . . .  HREG     hreg    U_CHAR  0052E6H 1      
TIM4_CNTR. . . . . . . . . . . . . . .  HREG     hreg    U_CHAR  0052E7H 1      
TIM4_PSCR. . . . . . . . . . . . . . .  HREG     hreg    U_CHAR  0052E8H 1      
TIM4_ARR . . . . . . . . . . . . . . .  HREG     hreg    U_CHAR  0052E9H 1      
IR_CR. . . . . . . . . . . . . . . . .  HREG     hreg    U_CHAR  0052FFH 1      
ADC1_CR1 . . . . . . . . . . . . . . .  HREG     hreg    U_CHAR  005340H 1      
ADC1_CR2 . . . . . . . . . . . . . . .  HREG     hreg    U_CHAR  005341H 1      
ADC1_CR3 . . . . . . . . . . . . . . .  HREG     hreg    U_CHAR  005342H 1      
ADC1_SR. . . . . . . . . . . . . . . .  HREG     hreg    U_CHAR  005343H 1      
ADC1_DR. . . . . . . . . . . . . . . .  HREG16   hreg16  U_INT   005344H 2      
ADC1_DRH . . . . . . . . . . . . . . .  HREG     hreg    U_CHAR  005344H 1      
ADC1_DRL . . . . . . . . . . . . . . .  HREG     hreg    U_CHAR  005345H 1      
ADC1_HTR . . . . . . . . . . . . . . .  HREG16   hreg16  U_INT   005346H 2      
ADC1_HTRH. . . . . . . . . . . . . . .  HREG     hreg    U_CHAR  005346H 1      
ADC1_HTRL. . . . . . . . . . . . . . .  HREG     hreg    U_CHAR  005347H 1      
ADC1_LTR . . . . . . . . . . . . . . .  HREG16   hreg16  U_INT   005348H 2      
ADC1_LTRH. . . . . . . . . . . . . . .  HREG     hreg    U_CHAR  005348H 1      
ADC1_LTRL. . . . . . . . . . . . . . .  HREG     hreg    U_CHAR  005349H 1      
ADC1_SQR1. . . . . . . . . . . . . . .  HREG     hreg    U_CHAR  00534AH 1      
ADC1_SQR2. . . . . . . . . . . . . . .  HREG     hreg    U_CHAR  00534BH 1      
ADC1_SQR3. . . . . . . . . . . . . . .  HREG     hreg    U_CHAR  00534CH 1      
ADC1_SQR4. . . . . . . . . . . . . . .  HREG     hreg    U_CHAR  00534DH 1      
ADC1_TRIGR1. . . . . . . . . . . . . .  HREG     hreg    U_CHAR  00534EH 1      
ADC1_TRIGR2. . . . . . . . . . . . . .  HREG     hreg    U_CHAR  00534FH 1      
ADC1_TRIGR3. . . . . . . . . . . . . .  HREG     hreg    U_CHAR  005350H 1      
ADC1_TRIGR4. . . . . . . . . . . . . .  HREG     hreg    U_CHAR  005351H 1      
DAC_CR1. . . . . . . . . . . . . . . .  HREG     hreg    U_CHAR  005380H 1      
DAC_CR2. . . . . . . . . . . . . . . .  HREG     hreg    U_CHAR  005381H 1      
DAC_SWTRIGR. . . . . . . . . . . . . .  HREG     hreg    U_CHAR  005384H 1      
DAC_SR . . . . . . . . . . . . . . . .  HREG     hreg    U_CHAR  005385H 1      
DAC_RDHR . . . . . . . . . . . . . . .  HREG16   hreg16  U_INT   005388H 2      
DAC_RDHRH. . . . . . . . . . . . . . .  HREG     hreg    U_CHAR  005388H 1      
DAC_RDHRL. . . . . . . . . . . . . . .  HREG     hreg    U_CHAR  005389H 1      
DAC_LDHR . . . . . . . . . . . . . . .  HREG16   hreg16  U_INT   00538CH 2      
DAC_LDHRH. . . . . . . . . . . . . . .  HREG     hreg    U_CHAR  00538CH 1      
DAC_LDHRL. . . . . . . . . . . . . . .  HREG     hreg    U_CHAR  00538DH 1      
DAC_DHR8 . . . . . . . . . . . . . . .  HREG     hreg    U_CHAR  005390H 1      
DAC_DOR. . . . . . . . . . . . . . . .  HREG16   hreg16  U_INT   0053ACH 2      
DAC_DORH . . . . . . . . . . . . . . .  HREG     hreg    U_CHAR  0053ACH 1      
DAC_DORL . . . . . . . . . . . . . . .  HREG     hreg    U_CHAR  0053ADH 1      
RI_ICR1. . . . . . . . . . . . . . . .  HREG     hreg    U_CHAR  005431H 1      
RI_ICR2. . . . . . . . . . . . . . . .  HREG     hreg    U_CHAR  005432H 1      
RI_IOIR1 . . . . . . . . . . . . . . .  HREG     hreg    U_CHAR  005433H 1      
RI_IOIR2 . . . . . . . . . . . . . . .  HREG     hreg    U_CHAR  005434H 1      
RI_IOIR3 . . . . . . . . . . . . . . .  HREG     hreg    U_CHAR  005435H 1      
RI_IOCMR1. . . . . . . . . . . . . . .  HREG     hreg    U_CHAR  005436H 1      
RI_IOCMR2. . . . . . . . . . . . . . .  HREG     hreg    U_CHAR  005437H 1      
RI_IOCMR3. . . . . . . . . . . . . . .  HREG     hreg    U_CHAR  005438H 1      
RI_IOSR1 . . . . . . . . . . . . . . .  HREG     hreg    U_CHAR  005439H 1      
RI_IOSR2 . . . . . . . . . . . . . . .  HREG     hreg    U_CHAR  00543AH 1      
RI_IOSR3 . . . . . . . . . . . . . . .  HREG     hreg    U_CHAR  00543BH 1      
RI_IOGCR . . . . . . . . . . . . . . .  HREG     hreg    U_CHAR  00543CH 1      
RI_ASCR1 . . . . . . . . . . . . . . .  HREG     hreg    U_CHAR  00543DH 1      
RI_ASCR2 . . . . . . . . . . . . . . .  HREG     hreg    U_CHAR  00543EH 1      
RI_RCR . . . . . . . . . . . . . . . .  HREG     hreg    U_CHAR  00543FH 1      
COMP_CSR1. . . . . . . . . . . . . . .  HREG     hreg    U_CHAR  005440H 1      
COMP_CSR2. . . . . . . . . . . . . . .  HREG     hreg    U_CHAR  005441H 1      
COMP_CSR3. . . . . . . . . . . . . . .  HREG     hreg    U_CHAR  005442H 1      
COMP_CSR4. . . . . . . . . . . . . . .  HREG     hreg    U_CHAR  005443H 1      
COMP_CSR5. . . . . . . . . . . . . . .  HREG     hreg    U_CHAR  005444H 1      
CFG_GCR. . . . . . . . . . . . . . . .  HREG     hreg    U_CHAR  007F60H 1      
ITC_SPR1 . . . . . . . . . . . . . . .  HREG     hreg    U_CHAR  007F70H 1      
ITC_SPR2 . . . . . . . . . . . . . . .  HREG     hreg    U_CHAR  007F71H 1      
ITC_SPR3 . . . . . . . . . . . . . . .  HREG     hreg    U_CHAR  007F72H 1      
ITC_SPR4 . . . . . . . . . . . . . . .  HREG     hreg    U_CHAR  007F73H 1      
ITC_SPR5 . . . . . . . . . . . . . . .  HREG     hreg    U_CHAR  007F74H 1      
ITC_SPR6 . . . . . . . . . . . . . . .  HREG     hreg    U_CHAR  007F75H 1      
ITC_SPR7 . . . . . . . . . . . . . . .  HREG     hreg    U_CHAR  007F76H 1      
ITC_SPR8 . . . . . . . . . . . . . . .  HREG     hreg    U_CHAR  007F77H 1      
_fctptr_t. . . . . . . . . . . . . . .  TYPEDEF ------- PTR   -------      2
_halt_ . . . . . . . . . . . . . . . .  EXTERN  CODE    PROC    ------- -----
_jmp_. . . . . . . . . . . . . . . . .  EXTERN  CODE    PROC    ------- -----
_nop_. . . . . . . . . . . . . . . . .  EXTERN  CODE    PROC    ------- -----
_rim_. . . . . . . . . . . . . . . . .  EXTERN  CODE    PROC    ------- -----
_sim_. . . . . . . . . . . . . . . . .  EXTERN  CODE    PROC    ------- -----
_trap_ . . . . . . . . . . . . . . . .  EXTERN  CODE    PROC    ------- -----
_wfe_. . . . . . . . . . . . . . . . .  EXTERN  CODE    PROC    ------- -----
_wfi_. . . . . . . . . . . . . . . . .  EXTERN  CODE    PROC    ------- -----
_getCC_. . . . . . . . . . . . . . . .  EXTERN  CODE    PROC    ------- -----
_setCC_. . . . . . . . . . . . . . . .  EXTERN  CODE    PROC    ------- -----
_getSP_. . . . . . . . . . . . . . . .  EXTERN  CODE    PROC    ------- -----
_setSP_. . . . . . . . . . . . . . . .  EXTERN  CODE    PROC    ------- -----
_swapbyte_ . . . . . . . . . . . . . .  EXTERN  CODE    PROC    ------- -----
_swapnibble_ . . . . . . . . . . . . .  EXTERN  CODE    PROC    ------- -----
DWORD. . . . . . . . . . . . . . . . .  TYPEDEF ------- ????? -------      4
WORD . . . . . . . . . . . . . . . . .  TYPEDEF ------- U_CHAR  -------     2
BYTE . . . . . . . . . . . . . . . . .  TYPEDEF ------- U_CHAR  -------     1
delay. . . . . . . . . . . . . . . . .  EXTERN  CODE    PROC    ------- -----
initTIM2 . . . . . . . . . . . . . . .  EXTERN  CODE    PROC    ------- -----
initTIM3 . . . . . . . . . . . . . . .  EXTERN  CODE    PROC    ------- -----
updateTIM3 . . . . . . . . . . . . . .  EXTERN  CODE    PROC    ------- -----
Tim2Flag . . . . . . . . . . . . . . .  EXTERN  bit     BIT     ------- -----
Tim2Counter. . . . . . . . . . . . . .  EXTERN  page0   U_INT   ------- -----
CommError. . . . . . . . . . . . . . .  EXTERN  bit     BIT     ------- -----
ErrCounter . . . . . . . . . . . . . .  EXTERN  page0   U_CHAR  ------- -----
initDAC. . . . . . . . . . . . . . . .  EXTERN  CODE    PROC    ------- -----
updateDAC. . . . . . . . . . . . . . .  EXTERN  CODE    PROC    ------- -----
DACvalue . . . . . . . . . . . . . . .  EXTERN  page0   U_INT   ------- -----
Offset12 . . . . . . . . . . . . . . .  EXTERN  page0   U_CHAR  ------- -----
Gain . . . . . . . . . . . . . . . . .  EXTERN  page0   U_CHAR  ------- -----
Vtune. . . . . . . . . . . . . . . . .  EXTERN  page0   U_CHAR  ------- -----
initTIM2 . . . . . . . . . . . . . . .  PUBLIC  CODE    PROC    ------- -----
initTIM3 . . . . . . . . . . . . . . .  PUBLIC  CODE    PROC    ------- -----
updateTIM3 . . . . . . . . . . . . . .  PUBLIC  CODE    PROC    ------- -----
Tim2Flag . . . . . . . . . . . . . . .  PUBLIC  bit     BIT     000000H 1      
Tim2Counter. . . . . . . . . . . . . .  PUBLIC  page0   U_INT   000000H 2      
CommError. . . . . . . . . . . . . . .  PUBLIC  bit     BIT     000001H 1      
ErrCounter . . . . . . . . . . . . . .  PUBLIC  page0   U_CHAR  000002H 1      
initTIM2 . . . . . . . . . . . . . . .  PUBLIC  CODE    PROC    ------- -----
TIM2OVF_ISR. . . . . . . . . . . . . .  PUBLIC  CODE    PROC    ------- -----
initTIM3 . . . . . . . . . . . . . . .  PUBLIC  CODE    PROC    ------- -----
updateTIM3 . . . . . . . . . . . . . .  PUBLIC  CODE    PROC    ------- -----
?BH. . . . . . . . . . . . . . . . . .  EXTERN  page0   U_CHAR  ------- -----
Vtune. . . . . . . . . . . . . . . . .  EXTERN  page0   U_CHAR  ------- -----
RCSTM8 COMPILER V2.28.10.092


MODULE INFORMATION:   STATIC OVERLAYABLE
   CODE SIZE        =    123    ----
   CONSTANT SIZE    =      4    ----
   DATA SIZE        =   ----    ----
   PAGE0 SIZE       =      3    ----
   BIT SIZE         =      2    ----
END OF MODULE INFORMATION.

RCSTM8 COMPILATION COMPLETE.  0 WARNING,  0 ERROR
